This is pdfTeX, Version 3.141592653-2.6-1.40.23 (TeX Live 2021/W32TeX) (preloaded format=pdflatex 2022.2.16)  3 OCT 2022 23:25
entering extended mode
 restricted \write18 enabled.
 %&-line parsing enabled.
**introduction_encapsulation.tex
(./introduction_encapsulation.tex
LaTeX2e <2021-11-15> patch level 1
L3 programming layer <2022-02-05>
(c:/texlive/2021/texmf-dist/tex/latex/beamer/beamer.cls
Document Class: beamer 2022/02/08 v3.66 A class for typesetting presentations
(c:/texlive/2021/texmf-dist/tex/latex/beamer/beamerbasemodes.sty
(c:/texlive/2021/texmf-dist/tex/latex/etoolbox/etoolbox.sty
Package: etoolbox 2020/10/05 v2.5k e-TeX tools for LaTeX (JAW)
\etb@tempcnta=\count185
)
\beamer@tempbox=\box50
\beamer@tempcount=\count186
\c@beamerpauses=\count187

(c:/texlive/2021/texmf-dist/tex/latex/beamer/beamerbasedecode.sty
\beamer@slideinframe=\count188
\beamer@minimum=\count189
\beamer@decode@box=\box51
)
\beamer@commentbox=\box52
\beamer@modecount=\count190
)
(c:/texlive/2021/texmf-dist/tex/generic/iftex/iftex.sty
Package: iftex 2022/02/03 v1.0f TeX engine tests
)
\headdp=\dimen138
\footheight=\dimen139
\sidebarheight=\dimen140
\beamer@tempdim=\dimen141
\beamer@finalheight=\dimen142
\beamer@animht=\dimen143
\beamer@animdp=\dimen144
\beamer@animwd=\dimen145
\beamer@leftmargin=\dimen146
\beamer@rightmargin=\dimen147
\beamer@leftsidebar=\dimen148
\beamer@rightsidebar=\dimen149
\beamer@boxsize=\dimen150
\beamer@vboxoffset=\dimen151
\beamer@descdefault=\dimen152
\beamer@descriptionwidth=\dimen153
\beamer@lastskip=\skip47
\beamer@areabox=\box53
\beamer@animcurrent=\box54
\beamer@animshowbox=\box55
\beamer@sectionbox=\box56
\beamer@logobox=\box57
\beamer@linebox=\box58
\beamer@sectioncount=\count191
\beamer@subsubsectionmax=\count192
\beamer@subsectionmax=\count193
\beamer@sectionmax=\count194
\beamer@totalheads=\count195
\beamer@headcounter=\count196
\beamer@partstartpage=\count197
\beamer@sectionstartpage=\count198
\beamer@subsectionstartpage=\count199
\beamer@animationtempa=\count266
\beamer@animationtempb=\count267
\beamer@xpos=\count268
\beamer@ypos=\count269
\beamer@ypos@offset=\count270
\beamer@showpartnumber=\count271
\beamer@currentsubsection=\count272
\beamer@coveringdepth=\count273
\beamer@sectionadjust=\count274
\beamer@toclastsection=\count275
\beamer@tocsectionnumber=\count276

(c:/texlive/2021/texmf-dist/tex/latex/beamer/beamerbaseoptions.sty
(c:/texlive/2021/texmf-dist/tex/latex/graphics/keyval.sty
Package: keyval 2014/10/28 v1.15 key=value parser (DPC)
\KV@toks@=\toks16
))
\beamer@paperwidth=\skip48
\beamer@paperheight=\skip49

(c:/texlive/2021/texmf-dist/tex/latex/geometry/geometry.sty
Package: geometry 2020/01/02 v5.9 Page Geometry

(c:/texlive/2021/texmf-dist/tex/generic/iftex/ifvtex.sty
Package: ifvtex 2019/10/25 v1.7 ifvtex legacy package. Use iftex instead.
)
\Gm@cnth=\count277
\Gm@cntv=\count278
\c@Gm@tempcnt=\count279
\Gm@bindingoffset=\dimen154
\Gm@wd@mp=\dimen155
\Gm@odd@mp=\dimen156
\Gm@even@mp=\dimen157
\Gm@layoutwidth=\dimen158
\Gm@layoutheight=\dimen159
\Gm@layouthoffset=\dimen160
\Gm@layoutvoffset=\dimen161
\Gm@dimlist=\toks17
)
(c:/texlive/2021/texmf-dist/tex/latex/pgf/math/pgfmath.sty
(c:/texlive/2021/texmf-dist/tex/latex/pgf/utilities/pgfrcs.sty
(c:/texlive/2021/texmf-dist/tex/generic/pgf/utilities/pgfutil-common.tex
\pgfutil@everybye=\toks18
\pgfutil@tempdima=\dimen162
\pgfutil@tempdimb=\dimen163

(c:/texlive/2021/texmf-dist/tex/generic/pgf/utilities/pgfutil-common-lists.tex)
) (c:/texlive/2021/texmf-dist/tex/generic/pgf/utilities/pgfutil-latex.def
\pgfutil@abb=\box59
)
(c:/texlive/2021/texmf-dist/tex/generic/pgf/utilities/pgfrcs.code.tex
(c:/texlive/2021/texmf-dist/tex/generic/pgf/pgf.revision.tex)
Package: pgfrcs 2021/05/15 v3.1.9a (3.1.9a)
))
(c:/texlive/2021/texmf-dist/tex/latex/pgf/utilities/pgfkeys.sty
(c:/texlive/2021/texmf-dist/tex/generic/pgf/utilities/pgfkeys.code.tex
\pgfkeys@pathtoks=\toks19
\pgfkeys@temptoks=\toks20

(c:/texlive/2021/texmf-dist/tex/generic/pgf/utilities/pgfkeysfiltered.code.tex
\pgfkeys@tmptoks=\toks21
))) (c:/texlive/2021/texmf-dist/tex/generic/pgf/math/pgfmath.code.tex
(c:/texlive/2021/texmf-dist/tex/generic/pgf/math/pgfmathcalc.code.tex
(c:/texlive/2021/texmf-dist/tex/generic/pgf/math/pgfmathutil.code.tex
\pgf@x=\dimen164
\pgf@xa=\dimen165
\pgf@xb=\dimen166
\pgf@xc=\dimen167
\pgf@y=\dimen168
\pgf@ya=\dimen169
\pgf@yb=\dimen170
\pgf@yc=\dimen171
\c@pgf@counta=\count280
\c@pgf@countb=\count281
\c@pgf@countc=\count282
\c@pgf@countd=\count283
)
(c:/texlive/2021/texmf-dist/tex/generic/pgf/math/pgfmathparser.code.tex
\pgfmath@dimen=\dimen172
\pgfmath@count=\count284
\pgfmath@box=\box60
\pgfmath@toks=\toks22
\pgfmath@stack@operand=\toks23
\pgfmath@stack@operation=\toks24
)
(c:/texlive/2021/texmf-dist/tex/generic/pgf/math/pgfmathfunctions.code.tex
(c:/texlive/2021/texmf-dist/tex/generic/pgf/math/pgfmathfunctions.basic.code.te
x)
(c:/texlive/2021/texmf-dist/tex/generic/pgf/math/pgfmathfunctions.trigonometric
.code.tex)
(c:/texlive/2021/texmf-dist/tex/generic/pgf/math/pgfmathfunctions.random.code.t
ex)
(c:/texlive/2021/texmf-dist/tex/generic/pgf/math/pgfmathfunctions.comparison.co
de.tex)
(c:/texlive/2021/texmf-dist/tex/generic/pgf/math/pgfmathfunctions.base.code.tex
)
(c:/texlive/2021/texmf-dist/tex/generic/pgf/math/pgfmathfunctions.round.code.te
x)
(c:/texlive/2021/texmf-dist/tex/generic/pgf/math/pgfmathfunctions.misc.code.tex
)
(c:/texlive/2021/texmf-dist/tex/generic/pgf/math/pgfmathfunctions.integerarithm
etics.code.tex)))
(c:/texlive/2021/texmf-dist/tex/generic/pgf/math/pgfmathfloat.code.tex
\c@pgfmathroundto@lastzeros=\count285
)))

Class beamer Warning: ``sans'' is obsolete. Just remove this option on input li
ne 357.

(c:/texlive/2021/texmf-dist/tex/latex/base/size10.clo
File: size10.clo 2021/10/04 v1.4n Standard LaTeX file (size option)
)
(c:/texlive/2021/texmf-dist/tex/latex/pgf/basiclayer/pgfcore.sty
(c:/texlive/2021/texmf-dist/tex/latex/graphics/graphicx.sty
Package: graphicx 2021/09/16 v1.2d Enhanced LaTeX Graphics (DPC,SPQR)

(c:/texlive/2021/texmf-dist/tex/latex/graphics/graphics.sty
Package: graphics 2021/03/04 v1.4d Standard LaTeX Graphics (DPC,SPQR)

(c:/texlive/2021/texmf-dist/tex/latex/graphics/trig.sty
Package: trig 2021/08/11 v1.11 sin cos tan (DPC)
)
(c:/texlive/2021/texmf-dist/tex/latex/graphics-cfg/graphics.cfg
File: graphics.cfg 2016/06/04 v1.11 sample graphics configuration
)
Package graphics Info: Driver file: pdftex.def on input line 107.

(c:/texlive/2021/texmf-dist/tex/latex/graphics-def/pdftex.def
File: pdftex.def 2020/10/05 v1.2a Graphics/color driver for pdftex
))
\Gin@req@height=\dimen173
\Gin@req@width=\dimen174
)
(c:/texlive/2021/texmf-dist/tex/latex/pgf/systemlayer/pgfsys.sty
(c:/texlive/2021/texmf-dist/tex/generic/pgf/systemlayer/pgfsys.code.tex
Package: pgfsys 2021/05/15 v3.1.9a (3.1.9a)

(c:/texlive/2021/texmf-dist/tex/generic/pgf/utilities/pgfkeys.code.tex)
\pgf@x=\dimen175
\pgf@y=\dimen176
\pgf@xa=\dimen177
\pgf@ya=\dimen178
\pgf@xb=\dimen179
\pgf@yb=\dimen180
\pgf@xc=\dimen181
\pgf@yc=\dimen182
\pgf@xd=\dimen183
\pgf@yd=\dimen184
\w@pgf@writea=\write3
\r@pgf@reada=\read2
\c@pgf@counta=\count286
\c@pgf@countb=\count287
\c@pgf@countc=\count288
\c@pgf@countd=\count289
\t@pgf@toka=\toks25
\t@pgf@tokb=\toks26
\t@pgf@tokc=\toks27
\pgf@sys@id@count=\count290

(c:/texlive/2021/texmf-dist/tex/generic/pgf/systemlayer/pgf.cfg
File: pgf.cfg 2021/05/15 v3.1.9a (3.1.9a)
)
Driver file for pgf: pgfsys-pdftex.def

(c:/texlive/2021/texmf-dist/tex/generic/pgf/systemlayer/pgfsys-pdftex.def
File: pgfsys-pdftex.def 2021/05/15 v3.1.9a (3.1.9a)

(c:/texlive/2021/texmf-dist/tex/generic/pgf/systemlayer/pgfsys-common-pdf.def
File: pgfsys-common-pdf.def 2021/05/15 v3.1.9a (3.1.9a)
)))
(c:/texlive/2021/texmf-dist/tex/generic/pgf/systemlayer/pgfsyssoftpath.code.tex
File: pgfsyssoftpath.code.tex 2021/05/15 v3.1.9a (3.1.9a)
\pgfsyssoftpath@smallbuffer@items=\count291
\pgfsyssoftpath@bigbuffer@items=\count292
)
(c:/texlive/2021/texmf-dist/tex/generic/pgf/systemlayer/pgfsysprotocol.code.tex
File: pgfsysprotocol.code.tex 2021/05/15 v3.1.9a (3.1.9a)
)) (c:/texlive/2021/texmf-dist/tex/latex/xcolor/xcolor.sty
Package: xcolor 2021/10/31 v2.13 LaTeX color extensions (UK)

(c:/texlive/2021/texmf-dist/tex/latex/graphics-cfg/color.cfg
File: color.cfg 2016/01/02 v1.6 sample color configuration
)
Package xcolor Info: Driver file: pdftex.def on input line 227.
Package xcolor Info: Model `cmy' substituted by `cmy0' on input line 1352.
Package xcolor Info: Model `hsb' substituted by `rgb' on input line 1356.
Package xcolor Info: Model `RGB' extended on input line 1368.
Package xcolor Info: Model `HTML' substituted by `rgb' on input line 1370.
Package xcolor Info: Model `Hsb' substituted by `hsb' on input line 1371.
Package xcolor Info: Model `tHsb' substituted by `hsb' on input line 1372.
Package xcolor Info: Model `HSB' substituted by `hsb' on input line 1373.
Package xcolor Info: Model `Gray' substituted by `gray' on input line 1374.
Package xcolor Info: Model `wave' substituted by `hsb' on input line 1375.

(c:/texlive/2021/texmf-dist/tex/latex/graphics/dvipsnam.def
File: dvipsnam.def 2016/06/17 v3.0m Driver-dependent file (DPC,SPQR)
))
(c:/texlive/2021/texmf-dist/tex/generic/pgf/basiclayer/pgfcore.code.tex
Package: pgfcore 2021/05/15 v3.1.9a (3.1.9a)

(c:/texlive/2021/texmf-dist/tex/generic/pgf/math/pgfmath.code.tex)
(c:/texlive/2021/texmf-dist/tex/generic/pgf/math/pgfint.code.tex)
(c:/texlive/2021/texmf-dist/tex/generic/pgf/basiclayer/pgfcorepoints.code.tex
File: pgfcorepoints.code.tex 2021/05/15 v3.1.9a (3.1.9a)
\pgf@picminx=\dimen185
\pgf@picmaxx=\dimen186
\pgf@picminy=\dimen187
\pgf@picmaxy=\dimen188
\pgf@pathminx=\dimen189
\pgf@pathmaxx=\dimen190
\pgf@pathminy=\dimen191
\pgf@pathmaxy=\dimen192
\pgf@xx=\dimen193
\pgf@xy=\dimen194
\pgf@yx=\dimen195
\pgf@yy=\dimen196
\pgf@zx=\dimen197
\pgf@zy=\dimen198
)
(c:/texlive/2021/texmf-dist/tex/generic/pgf/basiclayer/pgfcorepathconstruct.cod
e.tex
File: pgfcorepathconstruct.code.tex 2021/05/15 v3.1.9a (3.1.9a)
\pgf@path@lastx=\dimen199
\pgf@path@lasty=\dimen256
)
(c:/texlive/2021/texmf-dist/tex/generic/pgf/basiclayer/pgfcorepathusage.code.te
x
File: pgfcorepathusage.code.tex 2021/05/15 v3.1.9a (3.1.9a)
\pgf@shorten@end@additional=\dimen257
\pgf@shorten@start@additional=\dimen258
)
(c:/texlive/2021/texmf-dist/tex/generic/pgf/basiclayer/pgfcorescopes.code.tex
File: pgfcorescopes.code.tex 2021/05/15 v3.1.9a (3.1.9a)
\pgfpic=\box61
\pgf@hbox=\box62
\pgf@layerbox@main=\box63
\pgf@picture@serial@count=\count293
)
(c:/texlive/2021/texmf-dist/tex/generic/pgf/basiclayer/pgfcoregraphicstate.code
.tex
File: pgfcoregraphicstate.code.tex 2021/05/15 v3.1.9a (3.1.9a)
\pgflinewidth=\dimen259
)
(c:/texlive/2021/texmf-dist/tex/generic/pgf/basiclayer/pgfcoretransformations.c
ode.tex
File: pgfcoretransformations.code.tex 2021/05/15 v3.1.9a (3.1.9a)
\pgf@pt@x=\dimen260
\pgf@pt@y=\dimen261
\pgf@pt@temp=\dimen262
)
(c:/texlive/2021/texmf-dist/tex/generic/pgf/basiclayer/pgfcorequick.code.tex
File: pgfcorequick.code.tex 2021/05/15 v3.1.9a (3.1.9a)
)
(c:/texlive/2021/texmf-dist/tex/generic/pgf/basiclayer/pgfcoreobjects.code.tex
File: pgfcoreobjects.code.tex 2021/05/15 v3.1.9a (3.1.9a)
)
(c:/texlive/2021/texmf-dist/tex/generic/pgf/basiclayer/pgfcorepathprocessing.co
de.tex
File: pgfcorepathprocessing.code.tex 2021/05/15 v3.1.9a (3.1.9a)
)
(c:/texlive/2021/texmf-dist/tex/generic/pgf/basiclayer/pgfcorearrows.code.tex
File: pgfcorearrows.code.tex 2021/05/15 v3.1.9a (3.1.9a)
\pgfarrowsep=\dimen263
)
(c:/texlive/2021/texmf-dist/tex/generic/pgf/basiclayer/pgfcoreshade.code.tex
File: pgfcoreshade.code.tex 2021/05/15 v3.1.9a (3.1.9a)
\pgf@max=\dimen264
\pgf@sys@shading@range@num=\count294
\pgf@shadingcount=\count295
)
(c:/texlive/2021/texmf-dist/tex/generic/pgf/basiclayer/pgfcoreimage.code.tex
File: pgfcoreimage.code.tex 2021/05/15 v3.1.9a (3.1.9a)

(c:/texlive/2021/texmf-dist/tex/generic/pgf/basiclayer/pgfcoreexternal.code.tex
File: pgfcoreexternal.code.tex 2021/05/15 v3.1.9a (3.1.9a)
\pgfexternal@startupbox=\box64
))
(c:/texlive/2021/texmf-dist/tex/generic/pgf/basiclayer/pgfcorelayers.code.tex
File: pgfcorelayers.code.tex 2021/05/15 v3.1.9a (3.1.9a)
)
(c:/texlive/2021/texmf-dist/tex/generic/pgf/basiclayer/pgfcoretransparency.code
.tex
File: pgfcoretransparency.code.tex 2021/05/15 v3.1.9a (3.1.9a)
)
(c:/texlive/2021/texmf-dist/tex/generic/pgf/basiclayer/pgfcorepatterns.code.tex
File: pgfcorepatterns.code.tex 2021/05/15 v3.1.9a (3.1.9a)
) (c:/texlive/2021/texmf-dist/tex/generic/pgf/basiclayer/pgfcorerdf.code.tex
File: pgfcorerdf.code.tex 2021/05/15 v3.1.9a (3.1.9a)
))) (c:/texlive/2021/texmf-dist/tex/latex/pgf/utilities/xxcolor.sty
Package: xxcolor 2003/10/24 ver 0.1
\XC@nummixins=\count296
\XC@countmixins=\count297
)
(c:/texlive/2021/texmf-dist/tex/latex/base/atbegshi-ltx.sty
Package: atbegshi-ltx 2021/01/10 v1.0c Emulation of the original atbegshi
package with kernel methods
)
(c:/texlive/2021/texmf-dist/tex/latex/hyperref/hyperref.sty
Package: hyperref 2021-06-07 v7.00m Hypertext links for LaTeX

(c:/texlive/2021/texmf-dist/tex/generic/ltxcmds/ltxcmds.sty
Package: ltxcmds 2020-05-10 v1.25 LaTeX kernel commands for general use (HO)
)
(c:/texlive/2021/texmf-dist/tex/generic/pdftexcmds/pdftexcmds.sty
Package: pdftexcmds 2020-06-27 v0.33 Utility functions of pdfTeX for LuaTeX (HO
)

(c:/texlive/2021/texmf-dist/tex/generic/infwarerr/infwarerr.sty
Package: infwarerr 2019/12/03 v1.5 Providing info/warning/error messages (HO)
)
Package pdftexcmds Info: \pdf@primitive is available.
Package pdftexcmds Info: \pdf@ifprimitive is available.
Package pdftexcmds Info: \pdfdraftmode found.
)
(c:/texlive/2021/texmf-dist/tex/generic/kvsetkeys/kvsetkeys.sty
Package: kvsetkeys 2019/12/15 v1.18 Key value parser (HO)
)
(c:/texlive/2021/texmf-dist/tex/generic/kvdefinekeys/kvdefinekeys.sty
Package: kvdefinekeys 2019-12-19 v1.6 Define keys (HO)
)
(c:/texlive/2021/texmf-dist/tex/generic/pdfescape/pdfescape.sty
Package: pdfescape 2019/12/09 v1.15 Implements pdfTeX's escape features (HO)
)
(c:/texlive/2021/texmf-dist/tex/latex/hycolor/hycolor.sty
Package: hycolor 2020-01-27 v1.10 Color options for hyperref/bookmark (HO)
)
(c:/texlive/2021/texmf-dist/tex/latex/letltxmacro/letltxmacro.sty
Package: letltxmacro 2019/12/03 v1.6 Let assignment for LaTeX macros (HO)
)
(c:/texlive/2021/texmf-dist/tex/latex/auxhook/auxhook.sty
Package: auxhook 2019-12-17 v1.6 Hooks for auxiliary files (HO)
)
(c:/texlive/2021/texmf-dist/tex/latex/kvoptions/kvoptions.sty
Package: kvoptions 2020-10-07 v3.14 Key value format for package options (HO)
)
\@linkdim=\dimen265
\Hy@linkcounter=\count298
\Hy@pagecounter=\count299

(c:/texlive/2021/texmf-dist/tex/latex/hyperref/pd1enc.def
File: pd1enc.def 2021-06-07 v7.00m Hyperref: PDFDocEncoding definition (HO)
Now handling font encoding PD1 ...
... no UTF-8 mapping file for font encoding PD1
)
(c:/texlive/2021/texmf-dist/tex/latex/hyperref/hyperref-langpatches.def
File: hyperref-langpatches.def 2021-06-07 v7.00m Hyperref: patches for babel la
nguages
)
(c:/texlive/2021/texmf-dist/tex/generic/intcalc/intcalc.sty
Package: intcalc 2019/12/15 v1.3 Expandable calculations with integers (HO)
)
(c:/texlive/2021/texmf-dist/tex/generic/etexcmds/etexcmds.sty
Package: etexcmds 2019/12/15 v1.7 Avoid name clashes with e-TeX commands (HO)
)
\Hy@SavedSpaceFactor=\count300

(c:/texlive/2021/texmf-dist/tex/latex/hyperref/puenc.def
File: puenc.def 2021-06-07 v7.00m Hyperref: PDF Unicode definition (HO)
Now handling font encoding PU ...
... no UTF-8 mapping file for font encoding PU
)
Package hyperref Info: Option `bookmarks' set `true' on input line 4073.
Package hyperref Info: Option `bookmarksopen' set `true' on input line 4073.
Package hyperref Info: Option `implicit' set `false' on input line 4073.
Package hyperref Info: Hyper figures OFF on input line 4192.
Package hyperref Info: Link nesting OFF on input line 4197.
Package hyperref Info: Hyper index ON on input line 4200.
Package hyperref Info: Plain pages OFF on input line 4207.
Package hyperref Info: Backreferencing OFF on input line 4212.
Package hyperref Info: Implicit mode OFF; no redefinition of LaTeX internals.
Package hyperref Info: Bookmarks ON on input line 4445.
\c@Hy@tempcnt=\count301

(c:/texlive/2021/texmf-dist/tex/latex/url/url.sty
\Urlmuskip=\muskip16
Package: url 2013/09/16  ver 3.4  Verb mode for urls, etc.
)
LaTeX Info: Redefining \url on input line 4804.
\XeTeXLinkMargin=\dimen266

(c:/texlive/2021/texmf-dist/tex/generic/bitset/bitset.sty
Package: bitset 2019/12/09 v1.3 Handle bit-vector datatype (HO)

(c:/texlive/2021/texmf-dist/tex/generic/bigintcalc/bigintcalc.sty
Package: bigintcalc 2019/12/15 v1.5 Expandable calculations on big integers (HO
)
))
\Fld@menulength=\count302
\Field@Width=\dimen267
\Fld@charsize=\dimen268
Package hyperref Info: Hyper figures OFF on input line 6076.
Package hyperref Info: Link nesting OFF on input line 6081.
Package hyperref Info: Hyper index ON on input line 6084.
Package hyperref Info: backreferencing OFF on input line 6091.
Package hyperref Info: Link coloring OFF on input line 6096.
Package hyperref Info: Link coloring with OCG OFF on input line 6101.
Package hyperref Info: PDF/A mode OFF on input line 6106.
LaTeX Info: Redefining \ref on input line 6146.
LaTeX Info: Redefining \pageref on input line 6150.
\Hy@abspage=\count303


Package hyperref Message: Stopped early.

)
Package hyperref Info: Driver (autodetected): hpdftex.
 (c:/texlive/2021/texmf-dist/tex/latex/hyperref/hpdftex.def
File: hpdftex.def 2021-06-07 v7.00m Hyperref driver for pdfTeX

(c:/texlive/2021/texmf-dist/tex/latex/base/atveryend-ltx.sty
Package: atveryend-ltx 2020/08/19 v1.0a Emulation of the original atveryend pac
kage
with kernel methods
)
\Fld@listcount=\count304
\c@bookmark@seq@number=\count305

(c:/texlive/2021/texmf-dist/tex/latex/rerunfilecheck/rerunfilecheck.sty
Package: rerunfilecheck 2019/12/05 v1.9 Rerun checks for auxiliary files (HO)

(c:/texlive/2021/texmf-dist/tex/generic/uniquecounter/uniquecounter.sty
Package: uniquecounter 2019/12/15 v1.4 Provide unlimited unique counter (HO)
)
Package uniquecounter Info: New unique counter `rerunfilecheck' on input line 2
86.
))
(c:/texlive/2021/texmf-dist/tex/latex/beamer/beamerbaserequires.sty
(c:/texlive/2021/texmf-dist/tex/latex/beamer/beamerbasecompatibility.sty)
(c:/texlive/2021/texmf-dist/tex/latex/beamer/beamerbasefont.sty
(c:/texlive/2021/texmf-dist/tex/latex/amsfonts/amssymb.sty
Package: amssymb 2013/01/14 v3.01 AMS font symbols

(c:/texlive/2021/texmf-dist/tex/latex/amsfonts/amsfonts.sty
Package: amsfonts 2013/01/14 v3.01 Basic AMSFonts support
\@emptytoks=\toks28
\symAMSa=\mathgroup4
\symAMSb=\mathgroup5
LaTeX Font Info:    Redeclaring math symbol \hbar on input line 98.
LaTeX Font Info:    Overwriting math alphabet `\mathfrak' in version `bold'
(Font)                  U/euf/m/n --> U/euf/b/n on input line 106.
))
(c:/texlive/2021/texmf-dist/tex/latex/sansmathaccent/sansmathaccent.sty
Package: sansmathaccent 2020/01/31

(c:/texlive/2021/texmf-dist/tex/latex/koma-script/scrlfile.sty
Package: scrlfile 2021/11/13 v3.35 KOMA-Script package (file load hooks)

(c:/texlive/2021/texmf-dist/tex/latex/koma-script/scrlfile-hook.sty
Package: scrlfile-hook 2021/11/13 v3.35 KOMA-Script package (using LaTeX hooks)


(c:/texlive/2021/texmf-dist/tex/latex/koma-script/scrlogo.sty
Package: scrlogo 2021/11/13 v3.35 KOMA-Script package (logo)
)))))
(c:/texlive/2021/texmf-dist/tex/latex/beamer/beamerbasetranslator.sty
(c:/texlive/2021/texmf-dist/tex/latex/translator/translator.sty
Package: translator 2021-05-31 v1.12d Easy translation of strings in LaTeX
))
(c:/texlive/2021/texmf-dist/tex/latex/beamer/beamerbasemisc.sty)
(c:/texlive/2021/texmf-dist/tex/latex/beamer/beamerbasetwoscreens.sty)
(c:/texlive/2021/texmf-dist/tex/latex/beamer/beamerbaseoverlay.sty
\beamer@argscount=\count306
\beamer@lastskipcover=\skip50
\beamer@trivlistdepth=\count307
)
(c:/texlive/2021/texmf-dist/tex/latex/beamer/beamerbasetitle.sty)
(c:/texlive/2021/texmf-dist/tex/latex/beamer/beamerbasesection.sty
\c@lecture=\count308
\c@part=\count309
\c@section=\count310
\c@subsection=\count311
\c@subsubsection=\count312
)
(c:/texlive/2021/texmf-dist/tex/latex/beamer/beamerbaseframe.sty
\beamer@framebox=\box65
\beamer@frametitlebox=\box66
\beamer@zoombox=\box67
\beamer@zoomcount=\count313
\beamer@zoomframecount=\count314
\beamer@frametextheight=\dimen269
\c@subsectionslide=\count315
\beamer@frametopskip=\skip51
\beamer@framebottomskip=\skip52
\beamer@frametopskipautobreak=\skip53
\beamer@framebottomskipautobreak=\skip54
\beamer@envbody=\toks29
\framewidth=\dimen270
\c@framenumber=\count316
)
(c:/texlive/2021/texmf-dist/tex/latex/beamer/beamerbaseverbatim.sty
\beamer@verbatimfileout=\write4
)
(c:/texlive/2021/texmf-dist/tex/latex/beamer/beamerbaseframesize.sty
\beamer@splitbox=\box68
\beamer@autobreakcount=\count317
\beamer@autobreaklastheight=\dimen271
\beamer@frametitletoks=\toks30
\beamer@framesubtitletoks=\toks31
)
(c:/texlive/2021/texmf-dist/tex/latex/beamer/beamerbaseframecomponents.sty
\beamer@footins=\box69
)
(c:/texlive/2021/texmf-dist/tex/latex/beamer/beamerbasecolor.sty)
(c:/texlive/2021/texmf-dist/tex/latex/beamer/beamerbasenotes.sty
\beamer@frameboxcopy=\box70
)
(c:/texlive/2021/texmf-dist/tex/latex/beamer/beamerbasetoc.sty)
(c:/texlive/2021/texmf-dist/tex/latex/beamer/beamerbasetemplates.sty
\beamer@sbttoks=\toks32

(c:/texlive/2021/texmf-dist/tex/latex/beamer/beamerbaseauxtemplates.sty
(c:/texlive/2021/texmf-dist/tex/latex/beamer/beamerbaseboxes.sty
\bmb@box=\box71
\bmb@colorbox=\box72
\bmb@boxwidth=\dimen272
\bmb@boxheight=\dimen273
\bmb@prevheight=\dimen274
\bmb@temp=\dimen275
\bmb@dima=\dimen276
\bmb@dimb=\dimen277
\bmb@prevheight=\dimen278
)
\beamer@blockheadheight=\dimen279
))
(c:/texlive/2021/texmf-dist/tex/latex/beamer/beamerbaselocalstructure.sty
(c:/texlive/2021/texmf-dist/tex/latex/tools/enumerate.sty
Package: enumerate 2015/07/23 v3.00 enumerate extensions (DPC)
\@enLab=\toks33
)
\beamer@bibiconwidth=\skip55
\c@figure=\count318
\c@table=\count319
\abovecaptionskip=\skip56
\belowcaptionskip=\skip57
)
(c:/texlive/2021/texmf-dist/tex/latex/beamer/beamerbasenavigation.sty
\beamer@section@min@dim=\dimen280
)
(c:/texlive/2021/texmf-dist/tex/latex/beamer/beamerbasetheorems.sty
(c:/texlive/2021/texmf-dist/tex/latex/amsmath/amsmath.sty
Package: amsmath 2021/10/15 v2.17l AMS math features
\@mathmargin=\skip58

For additional information on amsmath, use the `?' option.
(c:/texlive/2021/texmf-dist/tex/latex/amsmath/amstext.sty
Package: amstext 2021/08/26 v2.01 AMS text

(c:/texlive/2021/texmf-dist/tex/latex/amsmath/amsgen.sty
File: amsgen.sty 1999/11/30 v2.0 generic functions
\@emptytoks=\toks34
\ex@=\dimen281
))
(c:/texlive/2021/texmf-dist/tex/latex/amsmath/amsbsy.sty
Package: amsbsy 1999/11/29 v1.2d Bold Symbols
\pmbraise@=\dimen282
)
(c:/texlive/2021/texmf-dist/tex/latex/amsmath/amsopn.sty
Package: amsopn 2021/08/26 v2.02 operator names
)
\inf@bad=\count320
LaTeX Info: Redefining \frac on input line 234.
\uproot@=\count321
\leftroot@=\count322
LaTeX Info: Redefining \overline on input line 399.
\classnum@=\count323
\DOTSCASE@=\count324
LaTeX Info: Redefining \ldots on input line 496.
LaTeX Info: Redefining \dots on input line 499.
LaTeX Info: Redefining \cdots on input line 620.
\Mathstrutbox@=\box73
\strutbox@=\box74
\big@size=\dimen283
LaTeX Font Info:    Redeclaring font encoding OML on input line 743.
LaTeX Font Info:    Redeclaring font encoding OMS on input line 744.
\macc@depth=\count325
\c@MaxMatrixCols=\count326
\dotsspace@=\muskip17
\c@parentequation=\count327
\dspbrk@lvl=\count328
\tag@help=\toks35
\row@=\count329
\column@=\count330
\maxfields@=\count331
\andhelp@=\toks36
\eqnshift@=\dimen284
\alignsep@=\dimen285
\tagshift@=\dimen286
\tagwidth@=\dimen287
\totwidth@=\dimen288
\lineht@=\dimen289
\@envbody=\toks37
\multlinegap=\skip59
\multlinetaggap=\skip60
\mathdisplay@stack=\toks38
LaTeX Info: Redefining \[ on input line 2938.
LaTeX Info: Redefining \] on input line 2939.
)
(c:/texlive/2021/texmf-dist/tex/latex/amscls/amsthm.sty
Package: amsthm 2020/05/29 v2.20.6
\thm@style=\toks39
\thm@bodyfont=\toks40
\thm@headfont=\toks41
\thm@notefont=\toks42
\thm@headpunct=\toks43
\thm@preskip=\skip61
\thm@postskip=\skip62
\thm@headsep=\skip63
\dth@everypar=\toks44
)
\c@theorem=\count332
)
(c:/texlive/2021/texmf-dist/tex/latex/beamer/beamerbasethemes.sty))
(c:/texlive/2021/texmf-dist/tex/latex/beamer/beamerthemedefault.sty
(c:/texlive/2021/texmf-dist/tex/latex/beamer/beamerfontthemedefault.sty)
(c:/texlive/2021/texmf-dist/tex/latex/beamer/beamercolorthemedefault.sty)
(c:/texlive/2021/texmf-dist/tex/latex/beamer/beamerinnerthemedefault.sty
\beamer@dima=\dimen290
\beamer@dimb=\dimen291
)
(c:/texlive/2021/texmf-dist/tex/latex/beamer/beamerouterthemedefault.sty)))
(./beamer-uca-16_9.tex (c:/texlive/2021/texmf-dist/tex/latex/base/fontenc.sty
Package: fontenc 2021/04/29 v2.0v Standard LaTeX package
)
(c:/texlive/2021/texmf-dist/tex/latex/lm/lmodern.sty
Package: lmodern 2015/05/01 v1.6.1 Latin Modern Fonts
LaTeX Font Info:    Overwriting symbol font `operators' in version `normal'
(Font)                  OT1/cmr/m/n --> OT1/lmr/m/n on input line 22.
LaTeX Font Info:    Overwriting symbol font `letters' in version `normal'
(Font)                  OML/cmm/m/it --> OML/lmm/m/it on input line 23.
LaTeX Font Info:    Overwriting symbol font `symbols' in version `normal'
(Font)                  OMS/cmsy/m/n --> OMS/lmsy/m/n on input line 24.
LaTeX Font Info:    Overwriting symbol font `largesymbols' in version `normal'
(Font)                  OMX/cmex/m/n --> OMX/lmex/m/n on input line 25.
LaTeX Font Info:    Overwriting symbol font `operators' in version `bold'
(Font)                  OT1/cmr/bx/n --> OT1/lmr/bx/n on input line 26.
LaTeX Font Info:    Overwriting symbol font `letters' in version `bold'
(Font)                  OML/cmm/b/it --> OML/lmm/b/it on input line 27.
LaTeX Font Info:    Overwriting symbol font `symbols' in version `bold'
(Font)                  OMS/cmsy/b/n --> OMS/lmsy/b/n on input line 28.
LaTeX Font Info:    Overwriting symbol font `largesymbols' in version `bold'
(Font)                  OMX/cmex/m/n --> OMX/lmex/m/n on input line 29.
LaTeX Font Info:    Overwriting math alphabet `\mathbf' in version `normal'
(Font)                  OT1/cmr/bx/n --> OT1/lmr/bx/n on input line 31.
LaTeX Font Info:    Overwriting math alphabet `\mathsf' in version `normal'
(Font)                  OT1/cmss/m/n --> OT1/lmss/m/n on input line 32.
LaTeX Font Info:    Overwriting math alphabet `\mathit' in version `normal'
(Font)                  OT1/cmr/m/it --> OT1/lmr/m/it on input line 33.
LaTeX Font Info:    Overwriting math alphabet `\mathtt' in version `normal'
(Font)                  OT1/cmtt/m/n --> OT1/lmtt/m/n on input line 34.
LaTeX Font Info:    Overwriting math alphabet `\mathbf' in version `bold'
(Font)                  OT1/cmr/bx/n --> OT1/lmr/bx/n on input line 35.
LaTeX Font Info:    Overwriting math alphabet `\mathsf' in version `bold'
(Font)                  OT1/cmss/bx/n --> OT1/lmss/bx/n on input line 36.
LaTeX Font Info:    Overwriting math alphabet `\mathit' in version `bold'
(Font)                  OT1/cmr/bx/it --> OT1/lmr/bx/it on input line 37.
LaTeX Font Info:    Overwriting math alphabet `\mathtt' in version `bold'
(Font)                  OT1/cmtt/m/n --> OT1/lmtt/m/n on input line 38.
)
(c:/texlive/2021/texmf-dist/tex/generic/babel/babel.sty
Package: babel 2022/02/13 3.71 The Babel package
\babel@savecnt=\count333
\U@D=\dimen292
\l@unhyphenated=\language87

(c:/texlive/2021/texmf-dist/tex/generic/babel/txtbabel.def)
\bbl@readstream=\read3
LaTeX Info: Redefining \textlatin on input line 3967.
\bbl@dirlevel=\count334

(c:/texlive/2021/texmf-dist/tex/generic/babel-french/french.ldf
Language: french 2021/07/20 v3.5m French support from the babel system
Package babel Info: Hyphen rules for 'acadian' set to \l@french
(babel)             (\language29). Reported on input line 91.
Package babel Info: Hyphen rules for 'canadien' set to \l@french
(babel)             (\language29). Reported on input line 92.
\FB@nonchar=\count335
Package babel Info: Making : an active character on input line 430.
Package babel Info: Making ; an active character on input line 431.
Package babel Info: Making ! an active character on input line 432.
Package babel Info: Making ? an active character on input line 433.
\FBguill@level=\count336
\FBold@everypar=\toks45
\FB@Mht=\dimen293
\mc@charclass=\count337
\mc@charfam=\count338
\mc@charslot=\count339
\std@mcc=\count340
\dec@mcc=\count341
\listindentFB=\dimen294
\descindentFB=\dimen295
\labelindentFB=\dimen296
\labelwidthFB=\dimen297
\leftmarginFB=\dimen298
\parindentFFN=\dimen299
\FBfnindent=\dimen300
))
(c:/texlive/2021/texmf-dist/tex/latex/carlisle/scalefnt.sty)
Package french.ldf Info: No list customisation for the beamer class,
(french.ldf)             reported on input line 5.

(c:/texlive/2021/texmf-dist/tex/latex/base/inputenc.sty
Package: inputenc 2021/02/14 v1.3d Input encoding file
\inpenc@prehook=\toks46
\inpenc@posthook=\toks47
)
(c:/texlive/2021/texmf-dist/tex/latex/beamer/beamerthemeWarsaw.sty
(c:/texlive/2021/texmf-dist/tex/latex/beamer/beamerinnerthemerounded.sty)
(c:/texlive/2021/texmf-dist/tex/latex/beamer/beamerouterthemeshadow.sty
(c:/texlive/2021/texmf-dist/tex/latex/beamer/beamerouterthemesplit.sty))
(c:/texlive/2021/texmf-dist/tex/latex/beamer/beamercolorthemeorchid.sty)
(c:/texlive/2021/texmf-dist/tex/latex/beamer/beamercolorthemewhale.sty))
(c:/texlive/2021/texmf-dist/tex/latex/wasysym/wasysym.sty
Package: wasysym 2020/01/19 v2.4 Wasy-2 symbol support package
\symwasy=\mathgroup6
LaTeX Font Info:    Overwriting symbol font `wasy' in version `bold'
(Font)                  U/wasy/m/n --> U/wasy/b/n on input line 93.
)
(c:/texlive/2021/texmf-dist/tex/latex/svg/svg.sty
Package: svg 2020/11/26 v2.02k (include SVG pictures)

(c:/texlive/2021/texmf-dist/tex/latex/koma-script/scrbase.sty
Package: scrbase 2021/11/13 v3.35 KOMA-Script package (KOMA-Script-independent 
basics and keyval usage)
Applying: [2021/05/01] Usage of raw or classic option list on input line 252.
Already applied: [0000/00/00] Usage of raw or classic option list on input line
 368.
)
(c:/texlive/2021/texmf-dist/tex/latex/trimspaces/trimspaces.sty
Package: trimspaces 2009/09/17 v1.1 Trim spaces around a token list
)
(c:/texlive/2021/texmf-dist/tex/latex/tools/shellesc.sty
Package: shellesc 2019/11/08 v1.0c unified shell escape interface for LaTeX
Package shellesc Info: Restricted shell escape enabled on input line 77.
)
\c@svg@param@lastpage=\count342
\svg@box=\box75
\c@svg@param@currpage=\count343
)
(c:/texlive/2021/texmf-dist/tex/latex/transparent/transparent.sty
Package: transparent 2019/11/29 v1.4 Transparency via pdfTeX's color stack (HO)

)
(c:/texlive/2021/texmf-dist/tex/latex/tools/tabularx.sty
Package: tabularx 2020/01/15 v2.11c `tabularx' package (DPC)

(c:/texlive/2021/texmf-dist/tex/latex/tools/array.sty
Package: array 2021/10/04 v2.5f Tabular extension package (FMi)
\col@sep=\dimen301
\ar@mcellbox=\box76
\extrarowheight=\dimen302
\NC@list=\toks48
\extratabsurround=\skip64
\backup@length=\skip65
\ar@cellbox=\box77
)
\TX@col@width=\dimen303
\TX@old@table=\dimen304
\TX@old@col=\dimen305
\TX@target=\dimen306
\TX@delta=\dimen307
\TX@cols=\count344
\TX@ftn=\toks49
)
(c:/texlive/2021/texmf-dist/tex/latex/textpos/textpos.sty
Package: textpos 2020/09/26 v1.10

Package: textpos 2020/09/26 1.10, absolute positioning of text on the page
Package textpos Info: choosing support for LaTeX3 on input line 61.
\TP@textbox=\box78
\TP@holdbox=\box79
\TPHorizModule=\dimen308
\TPVertModule=\dimen309
\TP@margin=\dimen310
\TP@absmargin=\dimen311
Grid set 16 x 16 = 28.45274pt x 16.00467pt
\TPboxrulesize=\dimen312
\TP@ox=\dimen313
\TP@oy=\dimen314
\TP@tbargs=\toks50
TextBlockOrigin set to 0pt x 0pt
) (c:/texlive/2021/texmf-dist/tex/latex/beamer/beamerouterthemeinfolines.sty)
(c:/texlive/2021/texmf-dist/tex/latex/beamer/beamerinnerthemerectangles.sty)
(c:/texlive/2021/texmf-dist/tex/latex/caption/caption.sty
Package: caption 2020/10/26 v3.5g Customizing captions (AR)

(c:/texlive/2021/texmf-dist/tex/latex/caption/caption3.sty
Package: caption3 2020/10/21 v2.2e caption3 kernel (AR)
\captionmargin=\dimen315
\captionmargin@=\dimen316
\captionwidth=\dimen317
\caption@tempdima=\dimen318
\caption@indent=\dimen319
\caption@parindent=\dimen320
\caption@hangindent=\dimen321
Package caption Info: beamer document class detected.
Package caption Info: french babel package is loaded.

(c:/texlive/2021/texmf-dist/tex/latex/caption/caption-beamer.sto
File: caption-beamer.sto 2020/08/22 v2.0 Adaption of the caption package to the
 beamer document classes (AR)
))
\c@caption@flags=\count345
\c@continuedfloat=\count346
Package caption Info: hyperref package is loaded.
Package caption Info: Hyperref support is turned off
(caption)             because hyperref has stopped early.
)
Package caption Info: Option `figurename' requires the `newfloat' package on in
put line 17.

(c:/texlive/2021/texmf-dist/tex/latex/newfloat/newfloat.sty
Package: newfloat 2019/09/02 v1.1l Defining new floating environments (AR)
))

Package hyperref Warning: Token not allowed in a PDF string (Unicode):
(hyperref)                removing `\\' on input line 9.


Package hyperref Warning: Token not allowed in a PDF string (Unicode):
(hyperref)                removing `\footnote' on input line 25.

LaTeX Font Info:    Trying to load font information for T1+lmss on input line 2
5.
(c:/texlive/2021/texmf-dist/tex/latex/lm/t1lmss.fd
File: t1lmss.fd 2015/05/01 v1.6.1 Font defs for Latin Modern
)
(c:/texlive/2021/texmf-dist/tex/latex/l3backend/l3backend-pdftex.def
File: l3backend-pdftex.def 2022-02-07 L3 backend support: PDF output (pdfTeX)
\l__color_backend_stack_int=\count347
\l__pdf_internal_box=\box80
)
(./introduction_encapsulation.aux)
\openout1 = `introduction_encapsulation.aux'.

LaTeX Font Info:    Checking defaults for OML/cmm/m/it on input line 25.
LaTeX Font Info:    ... okay on input line 25.
LaTeX Font Info:    Checking defaults for OMS/cmsy/m/n on input line 25.
LaTeX Font Info:    ... okay on input line 25.
LaTeX Font Info:    Checking defaults for OT1/cmr/m/n on input line 25.
LaTeX Font Info:    ... okay on input line 25.
LaTeX Font Info:    Checking defaults for T1/cmr/m/n on input line 25.
LaTeX Font Info:    ... okay on input line 25.
LaTeX Font Info:    Checking defaults for TS1/cmr/m/n on input line 25.
LaTeX Font Info:    ... okay on input line 25.
LaTeX Font Info:    Checking defaults for OMX/cmex/m/n on input line 25.
LaTeX Font Info:    ... okay on input line 25.
LaTeX Font Info:    Checking defaults for U/cmr/m/n on input line 25.
LaTeX Font Info:    ... okay on input line 25.
LaTeX Font Info:    Checking defaults for PD1/pdf/m/n on input line 25.
LaTeX Font Info:    ... okay on input line 25.
LaTeX Font Info:    Checking defaults for PU/pdf/m/n on input line 25.
LaTeX Font Info:    ... okay on input line 25.

*geometry* driver: auto-detecting
*geometry* detected driver: pdftex
*geometry* verbose mode - [ preamble ] result:
* driver: pdftex
* paper: custom
* layout: <same size as paper>
* layoutoffset:(h,v)=(0.0pt,0.0pt)
* modes: includehead includefoot 
* h-part:(L,W,R)=(9.99756pt, 435.24896pt, 9.99756pt)
* v-part:(T,H,B)=(0.0pt, 256.0748pt, 0.0pt)
* \paperwidth=455.24408pt
* \paperheight=256.0748pt
* \textwidth=435.24896pt
* \textheight=227.62207pt
* \oddsidemargin=-62.27243pt
* \evensidemargin=-62.27243pt
* \topmargin=-72.26999pt
* \headheight=14.22636pt
* \headsep=0.0pt
* \topskip=10.0pt
* \footskip=14.22636pt
* \marginparwidth=3.0pt
* \marginparsep=11.0pt
* \columnsep=10.0pt
* \skip\footins=9.0pt plus 4.0pt minus 2.0pt
* \hoffset=0.0pt
* \voffset=0.0pt
* \mag=1000
* \@twocolumnfalse
* \@twosidefalse
* \@mparswitchfalse
* \@reversemarginfalse
* (1in=72.27pt=25.4mm, 1cm=28.453pt)

(c:/texlive/2021/texmf-dist/tex/context/base/mkii/supp-pdf.mkii
[Loading MPS to PDF converter (version 2006.09.02).]
\scratchcounter=\count348
\scratchdimen=\dimen322
\scratchbox=\box81
\nofMPsegments=\count349
\nofMParguments=\count350
\everyMPshowfont=\toks51
\MPscratchCnt=\count351
\MPscratchDim=\dimen323
\MPnumerator=\count352
\makeMPintoPDFobject=\count353
\everyMPtoPDFconversion=\toks52
) (c:/texlive/2021/texmf-dist/tex/latex/epstopdf-pkg/epstopdf-base.sty
Package: epstopdf-base 2020-01-24 v2.11 Base part for package epstopdf
Package epstopdf-base Info: Redefining graphics rule for `.eps' on input line 4
85.

(c:/texlive/2021/texmf-dist/tex/latex/latexconfig/epstopdf-sys.cfg
File: epstopdf-sys.cfg 2010/07/13 v1.3 Configuration of (r)epstopdf for TeX Liv
e
))
Package hyperref Info: Link coloring OFF on input line 25.

(c:/texlive/2021/texmf-dist/tex/latex/hyperref/nameref.sty
Package: nameref 2021-04-02 v2.47 Cross-referencing by name of section

(c:/texlive/2021/texmf-dist/tex/latex/refcount/refcount.sty
Package: refcount 2019/12/15 v3.6 Data extraction from label references (HO)
)
(c:/texlive/2021/texmf-dist/tex/generic/gettitlestring/gettitlestring.sty
Package: gettitlestring 2019/12/15 v1.6 Cleanup title references (HO)
)
\c@section@level=\count354
)
LaTeX Info: Redefining \ref on input line 25.
LaTeX Info: Redefining \pageref on input line 25.
LaTeX Info: Redefining \nameref on input line 25.

(./introduction_encapsulation.out) (./introduction_encapsulation.out)
\@outlinefile=\write5
\openout5 = `introduction_encapsulation.out'.

LaTeX Font Info:    Overwriting symbol font `operators' in version `normal'
(Font)                  OT1/lmr/m/n --> OT1/cmss/m/n on input line 25.
LaTeX Font Info:    Overwriting symbol font `operators' in version `bold'
(Font)                  OT1/lmr/bx/n --> OT1/cmss/b/n on input line 25.
LaTeX Font Info:    Overwriting symbol font `operators' in version `normal'
(Font)                  OT1/cmss/m/n --> OT1/lmss/m/n on input line 25.
LaTeX Font Info:    Overwriting symbol font `operators' in version `bold'
(Font)                  OT1/cmss/b/n --> OT1/lmss/b/n on input line 25.
\symnumbers=\mathgroup7
\sympureletters=\mathgroup8
LaTeX Font Info:    Overwriting math alphabet `\mathrm' in version `normal'
(Font)                  OT1/lmss/m/n --> T1/lmr/m/n on input line 25.
LaTeX Font Info:    Redeclaring math alphabet \mathbf on input line 25.
LaTeX Font Info:    Overwriting math alphabet `\mathbf' in version `normal'
(Font)                  OT1/lmr/bx/n --> T1/lmss/b/n on input line 25.
LaTeX Font Info:    Overwriting math alphabet `\mathbf' in version `bold'
(Font)                  OT1/lmr/bx/n --> T1/lmss/b/n on input line 25.
LaTeX Font Info:    Redeclaring math alphabet \mathsf on input line 25.
LaTeX Font Info:    Overwriting math alphabet `\mathsf' in version `normal'
(Font)                  OT1/lmss/m/n --> T1/lmss/m/n on input line 25.
LaTeX Font Info:    Overwriting math alphabet `\mathsf' in version `bold'
(Font)                  OT1/lmss/bx/n --> T1/lmss/m/n on input line 25.
LaTeX Font Info:    Redeclaring math alphabet \mathit on input line 25.
LaTeX Font Info:    Overwriting math alphabet `\mathit' in version `normal'
(Font)                  OT1/lmr/m/it --> T1/lmss/m/it on input line 25.
LaTeX Font Info:    Overwriting math alphabet `\mathit' in version `bold'
(Font)                  OT1/lmr/bx/it --> T1/lmss/m/it on input line 25.
LaTeX Font Info:    Redeclaring math alphabet \mathtt on input line 25.
LaTeX Font Info:    Overwriting math alphabet `\mathtt' in version `normal'
(Font)                  OT1/lmtt/m/n --> T1/lmtt/m/n on input line 25.
LaTeX Font Info:    Overwriting math alphabet `\mathtt' in version `bold'
(Font)                  OT1/lmtt/m/n --> T1/lmtt/m/n on input line 25.
LaTeX Font Info:    Overwriting symbol font `numbers' in version `bold'
(Font)                  T1/lmss/m/n --> T1/lmss/b/n on input line 25.
LaTeX Font Info:    Overwriting symbol font `pureletters' in version `bold'
(Font)                  T1/lmss/m/it --> T1/lmss/b/it on input line 25.
LaTeX Font Info:    Overwriting math alphabet `\mathrm' in version `bold'
(Font)                  OT1/lmss/b/n --> T1/lmr/b/n on input line 25.
LaTeX Font Info:    Overwriting math alphabet `\mathbf' in version `bold'
(Font)                  T1/lmss/b/n --> T1/lmss/b/n on input line 25.
LaTeX Font Info:    Overwriting math alphabet `\mathsf' in version `bold'
(Font)                  T1/lmss/m/n --> T1/lmss/b/n on input line 25.
LaTeX Font Info:    Overwriting math alphabet `\mathit' in version `bold'
(Font)                  T1/lmss/m/it --> T1/lmss/b/it on input line 25.
LaTeX Font Info:    Overwriting math alphabet `\mathtt' in version `bold'
(Font)                  T1/lmtt/m/n --> T1/lmtt/b/n on input line 25.

(c:/texlive/2021/texmf-dist/tex/latex/translator/translator-basic-dictionary-En
glish.dict
Dictionary: translator-basic-dictionary, Language: English 
)
(c:/texlive/2021/texmf-dist/tex/latex/translator/translator-bibliography-dictio
nary-English.dict
Dictionary: translator-bibliography-dictionary, Language: English 
)
(c:/texlive/2021/texmf-dist/tex/latex/translator/translator-environment-diction
ary-English.dict
Dictionary: translator-environment-dictionary, Language: English 
)
(c:/texlive/2021/texmf-dist/tex/latex/translator/translator-months-dictionary-E
nglish.dict
Dictionary: translator-months-dictionary, Language: English 
)
(c:/texlive/2021/texmf-dist/tex/latex/translator/translator-numbers-dictionary-
English.dict
Dictionary: translator-numbers-dictionary, Language: English 
)
(c:/texlive/2021/texmf-dist/tex/latex/translator/translator-theorem-dictionary-
English.dict
Dictionary: translator-theorem-dictionary, Language: English 
)
LaTeX Info: Redefining \degres on input line 25.
LaTeX Info: Redefining \up on input line 25.
Package caption Info: Begin \AtBeginDocument code.
Package caption Info: End \AtBeginDocument code.
 (./introduction_encapsulation.nav)
(./00_encapsulation_sommaire.tex
LaTeX Font Info:    Trying to load font information for OT1+lmss on input line 
17.

(c:/texlive/2021/texmf-dist/tex/latex/lm/ot1lmss.fd
File: ot1lmss.fd 2015/05/01 v1.6.1 Font defs for Latin Modern
)
LaTeX Font Info:    Trying to load font information for OML+lmm on input line 1
7.

(c:/texlive/2021/texmf-dist/tex/latex/lm/omllmm.fd
File: omllmm.fd 2015/05/01 v1.6.1 Font defs for Latin Modern
)
LaTeX Font Info:    Trying to load font information for OMS+lmsy on input line 
17.

(c:/texlive/2021/texmf-dist/tex/latex/lm/omslmsy.fd
File: omslmsy.fd 2015/05/01 v1.6.1 Font defs for Latin Modern
)
LaTeX Font Info:    Trying to load font information for OMX+lmex on input line 
17.

(c:/texlive/2021/texmf-dist/tex/latex/lm/omxlmex.fd
File: omxlmex.fd 2015/05/01 v1.6.1 Font defs for Latin Modern
)
LaTeX Font Info:    External font `lmex10' loaded for size
(Font)              <10> on input line 17.
LaTeX Font Info:    External font `lmex10' loaded for size
(Font)              <7> on input line 17.
LaTeX Font Info:    External font `lmex10' loaded for size
(Font)              <5> on input line 17.
LaTeX Font Info:    Trying to load font information for U+msa on input line 17.


(c:/texlive/2021/texmf-dist/tex/latex/amsfonts/umsa.fd
File: umsa.fd 2013/01/14 v3.01 AMS symbols A
)
LaTeX Font Info:    Trying to load font information for U+msb on input line 17.


(c:/texlive/2021/texmf-dist/tex/latex/amsfonts/umsb.fd
File: umsb.fd 2013/01/14 v3.01 AMS symbols B
)
LaTeX Font Info:    Trying to load font information for U+wasy on input line 17
.

(c:/texlive/2021/texmf-dist/tex/latex/wasysym/uwasy.fd
File: uwasy.fd 2020/01/19 v2.4 Wasy-2 symbol font definitions
)
LaTeX Font Info:    Font shape `T1/lmss/m/it' in size <10> not available
(Font)              Font shape `T1/lmss/m/sl' tried instead on input line 17.
LaTeX Font Info:    Font shape `T1/lmss/m/it' in size <7> not available
(Font)              Font shape `T1/lmss/m/sl' tried instead on input line 17.
LaTeX Font Info:    Font shape `T1/lmss/m/it' in size <5> not available
(Font)              Font shape `T1/lmss/m/sl' tried instead on input line 17.
LaTeX Font Info:    Trying to load font information for T1+lmtt on input line 1
7.

(c:/texlive/2021/texmf-dist/tex/latex/lm/t1lmtt.fd
File: t1lmtt.fd 2015/05/01 v1.6.1 Font defs for Latin Modern
)
<images/logo_ifb.pdf, id=77, 1333.98375pt x 665.48625pt>
File: images/logo_ifb.pdf Graphic file (type pdf)
<use images/logo_ifb.pdf>
Package pdftex.def Info: images/logo_ifb.pdf  used on input line 17.
(pdftex.def)             Requested size: 65.44109pt x 36.98264pt.
<images/i2bc.png, id=78, 225.84375pt x 184.43906pt>
File: images/i2bc.png Graphic file (type png)
<use images/i2bc.png>
Package pdftex.def Info: images/i2bc.png  used on input line 17.
(pdftex.def)             Requested size: 42.67642pt x 42.679pt.
<images/logoAuBi-2019.pdf, id=80, 437.1841pt x 310.18314pt>
File: images/logoAuBi-2019.pdf Graphic file (type pdf)
<use images/logoAuBi-2019.pdf>
Package pdftex.def Info: images/logoAuBi-2019.pdf  used on input line 17.
(pdftex.def)             Requested size: 99.58295pt x 85.35504pt.
<images/mesocentre.png, id=81, 143.15985pt x 123.08484pt>
File: images/mesocentre.png Graphic file (type png)
<use images/mesocentre.png>
Package pdftex.def Info: images/mesocentre.png  used on input line 17.
(pdftex.def)             Requested size: 85.35919pt x 85.36247pt.
<images/ucabackground-16_9.png, id=82, 4817.21016pt x 2709.53262pt>
File: images/ucabackground-16_9.png Graphic file (type png)
<use images/ucabackground-16_9.png>
Package pdftex.def Info: images/ucabackground-16_9.png  used on input line 17.
(pdftex.def)             Requested size: 455.21408pt x 256.04391pt.
 [1

{c:/texlive/2021/texmf-var/fonts/map/pdftex/updmap/pdftex.map} <./images/ucabac
kground-16_9.png> <./images/logo_ifb.pdf> <./images/i2bc.png> <./images/logoAuB
i-2019.pdf

pdfTeX warning: pdflatex.exe (file ./images/logoAuBi-2019.pdf): PDF inclusion: 
multiple pdfs with page group included in a single page
> <./images/mesocentre.png>] (./introduction_encapsulation.toc)
File: images/ucabackground-16_9.png Graphic file (type png)
<use images/ucabackground-16_9.png>
Package pdftex.def Info: images/ucabackground-16_9.png  used on input line 21.
(pdftex.def)             Requested size: 455.21408pt x 256.04391pt.
 [2

])
(./01_encapsulation_introduction.tex
<images/schema_soumission_fair.pdf, id=134, 116.5511pt x 344.08267pt>
File: images/schema_soumission_fair.pdf Graphic file (type pdf)
<use images/schema_soumission_fair.pdf>
Package pdftex.def Info: images/schema_soumission_fair.pdf  used on input line 
9.
(pdftex.def)             Requested size: 73.99152pt x 218.44281pt.
<images/review.jpg, id=135, 657.45625pt x 682.55pt>
File: images/review.jpg Graphic file (type jpg)
<use images/review.jpg>
Package pdftex.def Info: images/review.jpg  used on input line 9.
(pdftex.def)             Requested size: 174.09692pt x 180.73949pt.
<images/schema_soumission_fair_echec.pdf, id=136, 182.1128pt x 459.57463pt>
File: images/schema_soumission_fair_echec.pdf Graphic file (type pdf)
<use images/schema_soumission_fair_echec.pdf>
Package pdftex.def Info: images/schema_soumission_fair_echec.pdf  used on input
 line 9.
(pdftex.def)             Requested size: 73.99152pt x 186.72276pt.

Overfull \vbox (2.91222pt too high) detected at line 9
 []

File: images/ucabackground-16_9.png Graphic file (type png)
<use images/ucabackground-16_9.png>
Package pdftex.def Info: images/ucabackground-16_9.png  used on input line 9.
(pdftex.def)             Requested size: 455.21408pt x 256.04391pt.
[3

 <./images/schema_soumission_fair.pdf> <./images/review.jpg> <./images/schema_s
oumission_fair_echec.pdf

pdfTeX warning: pdflatex.exe (file ./images/schema_soumission_fair_echec.pdf): 
PDF inclusion: multiple pdfs with page group included in a single page
>]
File: images/schema_soumission_fair.pdf Graphic file (type pdf)
<use images/schema_soumission_fair.pdf>
Package pdftex.def Info: images/schema_soumission_fair.pdf  used on input line 
9.
(pdftex.def)             Requested size: 73.99152pt x 218.44281pt.
File: images/review.jpg Graphic file (type jpg)
<use images/review.jpg>
Package pdftex.def Info: images/review.jpg  used on input line 9.
(pdftex.def)             Requested size: 174.09692pt x 180.73949pt.
File: images/schema_soumission_fair_echec.pdf Graphic file (type pdf)
<use images/schema_soumission_fair_echec.pdf>
Package pdftex.def Info: images/schema_soumission_fair_echec.pdf  used on input
 line 9.
(pdftex.def)             Requested size: 73.99152pt x 186.72276pt.

Overfull \vbox (2.91222pt too high) detected at line 9
 []

File: images/ucabackground-16_9.png Graphic file (type png)
<use images/ucabackground-16_9.png>
Package pdftex.def Info: images/ucabackground-16_9.png  used on input line 9.
(pdftex.def)             Requested size: 455.21408pt x 256.04391pt.
[4

]
File: images/schema_soumission_fair.pdf Graphic file (type pdf)
<use images/schema_soumission_fair.pdf>
Package pdftex.def Info: images/schema_soumission_fair.pdf  used on input line 
9.
(pdftex.def)             Requested size: 73.99152pt x 218.44281pt.
File: images/review.jpg Graphic file (type jpg)
<use images/review.jpg>
Package pdftex.def Info: images/review.jpg  used on input line 9.
(pdftex.def)             Requested size: 174.09692pt x 180.73949pt.
File: images/schema_soumission_fair_echec.pdf Graphic file (type pdf)
<use images/schema_soumission_fair_echec.pdf>
Package pdftex.def Info: images/schema_soumission_fair_echec.pdf  used on input
 line 9.
(pdftex.def)             Requested size: 73.99152pt x 186.72276pt.

Overfull \vbox (2.91222pt too high) detected at line 9
 []

File: images/ucabackground-16_9.png Graphic file (type png)
<use images/ucabackground-16_9.png>
Package pdftex.def Info: images/ucabackground-16_9.png  used on input line 9.
(pdftex.def)             Requested size: 455.21408pt x 256.04391pt.
[5

]
File: images/ucabackground-16_9.png Graphic file (type png)
<use images/ucabackground-16_9.png>
Package pdftex.def Info: images/ucabackground-16_9.png  used on input line 26.
(pdftex.def)             Requested size: 455.21408pt x 256.04391pt.
 [6

]
File: images/ucabackground-16_9.png Graphic file (type png)
<use images/ucabackground-16_9.png>
Package pdftex.def Info: images/ucabackground-16_9.png  used on input line 38.
(pdftex.def)             Requested size: 455.21408pt x 256.04391pt.
 [7

]
<images/VM_logo.png, id=558, 513.92pt x 513.92pt>
File: images/VM_logo.png Graphic file (type png)
<use images/VM_logo.png>
Package pdftex.def Info: images/VM_logo.png  used on input line 48.
(pdftex.def)             Requested size: 39.1708pt x 39.16968pt.
<images/docker.pdf, id=559, 481.8pt x 385.44pt>
File: images/docker.pdf Graphic file (type pdf)
<use images/docker.pdf>
Package pdftex.def Info: images/docker.pdf  used on input line 48.
(pdftex.def)             Requested size: 39.1708pt x 31.33574pt.
<images/singularity_logo.pdf, id=560, 271.0125pt x 271.0125pt>
File: images/singularity_logo.pdf Graphic file (type pdf)
<use images/singularity_logo.pdf>
Package pdftex.def Info: images/singularity_logo.pdf  used on input line 48.
(pdftex.def)             Requested size: 39.1708pt x 39.16968pt.
<images/conda_logo.pdf, id=561, 374.14781pt x 77.53969pt>
File: images/conda_logo.pdf Graphic file (type pdf)
<use images/conda_logo.pdf>
Package pdftex.def Info: images/conda_logo.pdf  used on input line 48.
(pdftex.def)             Requested size: 39.1708pt x 8.11765pt.
File: images/ucabackground-16_9.png Graphic file (type png)
<use images/ucabackground-16_9.png>
Package pdftex.def Info: images/ucabackground-16_9.png  used on input line 48.
(pdftex.def)             Requested size: 455.21408pt x 256.04391pt.
 [8

 <./images/VM_logo.png> <./images/docker.pdf> <./images/singularity_logo.pdf

pdfTeX warning: pdflatex.exe (file ./images/singularity_logo.pdf): PDF inclusio
n: multiple pdfs with page group included in a single page
> <./images/conda_logo.pdf

pdfTeX warning: pdflatex.exe (file ./images/conda_logo.pdf): PDF inclusion: mul
tiple pdfs with page group included in a single page
>]
File: images/VM_logo.png Graphic file (type png)
<use images/VM_logo.png>
Package pdftex.def Info: images/VM_logo.png  used on input line 48.
(pdftex.def)             Requested size: 39.1708pt x 39.16968pt.
File: images/docker.pdf Graphic file (type pdf)
<use images/docker.pdf>
Package pdftex.def Info: images/docker.pdf  used on input line 48.
(pdftex.def)             Requested size: 39.1708pt x 31.33574pt.
File: images/singularity_logo.pdf Graphic file (type pdf)
<use images/singularity_logo.pdf>
Package pdftex.def Info: images/singularity_logo.pdf  used on input line 48.
(pdftex.def)             Requested size: 39.1708pt x 39.16968pt.
File: images/conda_logo.pdf Graphic file (type pdf)
<use images/conda_logo.pdf>
Package pdftex.def Info: images/conda_logo.pdf  used on input line 48.
(pdftex.def)             Requested size: 39.1708pt x 8.11765pt.
File: images/ucabackground-16_9.png Graphic file (type png)
<use images/ucabackground-16_9.png>
Package pdftex.def Info: images/ucabackground-16_9.png  used on input line 48.
(pdftex.def)             Requested size: 455.21408pt x 256.04391pt.
 [9

]
File: images/VM_logo.png Graphic file (type png)
<use images/VM_logo.png>
Package pdftex.def Info: images/VM_logo.png  used on input line 48.
(pdftex.def)             Requested size: 39.1708pt x 39.16968pt.
File: images/docker.pdf Graphic file (type pdf)
<use images/docker.pdf>
Package pdftex.def Info: images/docker.pdf  used on input line 48.
(pdftex.def)             Requested size: 39.1708pt x 31.33574pt.
File: images/singularity_logo.pdf Graphic file (type pdf)
<use images/singularity_logo.pdf>
Package pdftex.def Info: images/singularity_logo.pdf  used on input line 48.
(pdftex.def)             Requested size: 39.1708pt x 39.16968pt.
File: images/conda_logo.pdf Graphic file (type pdf)
<use images/conda_logo.pdf>
Package pdftex.def Info: images/conda_logo.pdf  used on input line 48.
(pdftex.def)             Requested size: 39.1708pt x 8.11765pt.
File: images/ucabackground-16_9.png Graphic file (type png)
<use images/ucabackground-16_9.png>
Package pdftex.def Info: images/ucabackground-16_9.png  used on input line 48.
(pdftex.def)             Requested size: 455.21408pt x 256.04391pt.
 [10

]
<images/r-project.pdf, id=612, 437.38406pt x 385.44pt>
File: images/r-project.pdf Graphic file (type pdf)
<use images/r-project.pdf>
Package pdftex.def Info: images/r-project.pdf  used on input line 63.
(pdftex.def)             Requested size: 8.52928pt x 8.53381pt.
File: images/r-project.pdf Graphic file (type pdf)
<use images/r-project.pdf>
Package pdftex.def Info: images/r-project.pdf  used on input line 63.
(pdftex.def)             Requested size: 8.52928pt x 8.53381pt.
File: images/r-project.pdf Graphic file (type pdf)
<use images/r-project.pdf>
Package pdftex.def Info: images/r-project.pdf  used on input line 63.
(pdftex.def)             Requested size: 8.52928pt x 8.53381pt.
<images/conda_env_1.pdf, id=613, 207.96394pt x 58.77658pt>
File: images/conda_env_1.pdf Graphic file (type pdf)
<use images/conda_env_1.pdf>
Package pdftex.def Info: images/conda_env_1.pdf  used on input line 63.
(pdftex.def)             Requested size: 108.81224pt x 30.75322pt.
<images/conda_env_2.pdf, id=614, 208.54008pt x 116.59459pt>
File: images/conda_env_2.pdf Graphic file (type pdf)
<use images/conda_env_2.pdf>
Package pdftex.def Info: images/conda_env_2.pdf  used on input line 63.
(pdftex.def)             Requested size: 108.81224pt x 60.8359pt.
File: images/conda_env_2.pdf Graphic file (type pdf)
<use images/conda_env_2.pdf>
Package pdftex.def Info: images/conda_env_2.pdf  used on input line 63.
(pdftex.def)             Requested size: 108.81224pt x 60.8359pt.
<images/conda_env_4.pdf, id=615, 208.5441pt x 142.88078pt>
File: images/conda_env_4.pdf Graphic file (type pdf)
<use images/conda_env_4.pdf>
Package pdftex.def Info: images/conda_env_4.pdf  used on input line 63.
(pdftex.def)             Requested size: 108.81224pt x 74.55133pt.
File: images/ucabackground-16_9.png Graphic file (type png)
<use images/ucabackground-16_9.png>
Package pdftex.def Info: images/ucabackground-16_9.png  used on input line 63.
(pdftex.def)             Requested size: 455.21408pt x 256.04391pt.
 [11

 <./images/r-project.pdf> <./images/conda_env_1.pdf

pdfTeX warning: pdflatex.exe (file ./images/conda_env_1.pdf): PDF inclusion: mu
ltiple pdfs with page group included in a single page
> <./images/conda_env_2.pdf

pdfTeX warning: pdflatex.exe (file ./images/conda_env_2.pdf): PDF inclusion: mu
ltiple pdfs with page group included in a single page
> <./images/conda_env_4.pdf

pdfTeX warning: pdflatex.exe (file ./images/conda_env_4.pdf): PDF inclusion: mu
ltiple pdfs with page group included in a single page
>]
File: images/r-project.pdf Graphic file (type pdf)
<use images/r-project.pdf>
Package pdftex.def Info: images/r-project.pdf  used on input line 63.
(pdftex.def)             Requested size: 8.52928pt x 8.53381pt.
File: images/r-project.pdf Graphic file (type pdf)
<use images/r-project.pdf>
Package pdftex.def Info: images/r-project.pdf  used on input line 63.
(pdftex.def)             Requested size: 8.52928pt x 8.53381pt.
File: images/r-project.pdf Graphic file (type pdf)
<use images/r-project.pdf>
Package pdftex.def Info: images/r-project.pdf  used on input line 63.
(pdftex.def)             Requested size: 8.52928pt x 8.53381pt.
File: images/conda_env_1.pdf Graphic file (type pdf)
<use images/conda_env_1.pdf>
Package pdftex.def Info: images/conda_env_1.pdf  used on input line 63.
(pdftex.def)             Requested size: 108.81224pt x 30.75322pt.
File: images/conda_env_2.pdf Graphic file (type pdf)
<use images/conda_env_2.pdf>
Package pdftex.def Info: images/conda_env_2.pdf  used on input line 63.
(pdftex.def)             Requested size: 108.81224pt x 60.8359pt.
File: images/conda_env_2.pdf Graphic file (type pdf)
<use images/conda_env_2.pdf>
Package pdftex.def Info: images/conda_env_2.pdf  used on input line 63.
(pdftex.def)             Requested size: 108.81224pt x 60.8359pt.
File: images/conda_env_4.pdf Graphic file (type pdf)
<use images/conda_env_4.pdf>
Package pdftex.def Info: images/conda_env_4.pdf  used on input line 63.
(pdftex.def)             Requested size: 108.81224pt x 74.55133pt.
File: images/ucabackground-16_9.png Graphic file (type png)
<use images/ucabackground-16_9.png>
Package pdftex.def Info: images/ucabackground-16_9.png  used on input line 63.
(pdftex.def)             Requested size: 455.21408pt x 256.04391pt.
 [12

]
File: images/r-project.pdf Graphic file (type pdf)
<use images/r-project.pdf>
Package pdftex.def Info: images/r-project.pdf  used on input line 63.
(pdftex.def)             Requested size: 8.52928pt x 8.53381pt.
File: images/r-project.pdf Graphic file (type pdf)
<use images/r-project.pdf>
Package pdftex.def Info: images/r-project.pdf  used on input line 63.
(pdftex.def)             Requested size: 8.52928pt x 8.53381pt.
File: images/r-project.pdf Graphic file (type pdf)
<use images/r-project.pdf>
Package pdftex.def Info: images/r-project.pdf  used on input line 63.
(pdftex.def)             Requested size: 8.52928pt x 8.53381pt.
File: images/conda_env_1.pdf Graphic file (type pdf)
<use images/conda_env_1.pdf>
Package pdftex.def Info: images/conda_env_1.pdf  used on input line 63.
(pdftex.def)             Requested size: 108.81224pt x 30.75322pt.
File: images/conda_env_2.pdf Graphic file (type pdf)
<use images/conda_env_2.pdf>
Package pdftex.def Info: images/conda_env_2.pdf  used on input line 63.
(pdftex.def)             Requested size: 108.81224pt x 60.8359pt.
File: images/conda_env_2.pdf Graphic file (type pdf)
<use images/conda_env_2.pdf>
Package pdftex.def Info: images/conda_env_2.pdf  used on input line 63.
(pdftex.def)             Requested size: 108.81224pt x 60.8359pt.
File: images/conda_env_4.pdf Graphic file (type pdf)
<use images/conda_env_4.pdf>
Package pdftex.def Info: images/conda_env_4.pdf  used on input line 63.
(pdftex.def)             Requested size: 108.81224pt x 74.55133pt.
File: images/ucabackground-16_9.png Graphic file (type png)
<use images/ucabackground-16_9.png>
Package pdftex.def Info: images/ucabackground-16_9.png  used on input line 63.
(pdftex.def)             Requested size: 455.21408pt x 256.04391pt.
 [13

]
File: images/r-project.pdf Graphic file (type pdf)
<use images/r-project.pdf>
Package pdftex.def Info: images/r-project.pdf  used on input line 63.
(pdftex.def)             Requested size: 8.52928pt x 8.53381pt.
File: images/r-project.pdf Graphic file (type pdf)
<use images/r-project.pdf>
Package pdftex.def Info: images/r-project.pdf  used on input line 63.
(pdftex.def)             Requested size: 8.52928pt x 8.53381pt.
File: images/r-project.pdf Graphic file (type pdf)
<use images/r-project.pdf>
Package pdftex.def Info: images/r-project.pdf  used on input line 63.
(pdftex.def)             Requested size: 8.52928pt x 8.53381pt.
File: images/conda_env_1.pdf Graphic file (type pdf)
<use images/conda_env_1.pdf>
Package pdftex.def Info: images/conda_env_1.pdf  used on input line 63.
(pdftex.def)             Requested size: 108.81224pt x 30.75322pt.
File: images/conda_env_2.pdf Graphic file (type pdf)
<use images/conda_env_2.pdf>
Package pdftex.def Info: images/conda_env_2.pdf  used on input line 63.
(pdftex.def)             Requested size: 108.81224pt x 60.8359pt.
File: images/conda_env_2.pdf Graphic file (type pdf)
<use images/conda_env_2.pdf>
Package pdftex.def Info: images/conda_env_2.pdf  used on input line 63.
(pdftex.def)             Requested size: 108.81224pt x 60.8359pt.
File: images/conda_env_4.pdf Graphic file (type pdf)
<use images/conda_env_4.pdf>
Package pdftex.def Info: images/conda_env_4.pdf  used on input line 63.
(pdftex.def)             Requested size: 108.81224pt x 74.55133pt.
File: images/ucabackground-16_9.png Graphic file (type png)
<use images/ucabackground-16_9.png>
Package pdftex.def Info: images/ucabackground-16_9.png  used on input line 63.
(pdftex.def)             Requested size: 455.21408pt x 256.04391pt.
 [14

]
File: images/ucabackground-16_9.png Graphic file (type png)
<use images/ucabackground-16_9.png>
Package pdftex.def Info: images/ucabackground-16_9.png  used on input line 81.
(pdftex.def)             Requested size: 455.21408pt x 256.04391pt.
 [15

]
File: images/ucabackground-16_9.png Graphic file (type png)
<use images/ucabackground-16_9.png>
Package pdftex.def Info: images/ucabackground-16_9.png  used on input line 81.
(pdftex.def)             Requested size: 455.21408pt x 256.04391pt.
 [16

]
File: images/ucabackground-16_9.png Graphic file (type png)
<use images/ucabackground-16_9.png>
Package pdftex.def Info: images/ucabackground-16_9.png  used on input line 81.
(pdftex.def)             Requested size: 455.21408pt x 256.04391pt.
 [17

]
File: images/ucabackground-16_9.png Graphic file (type png)
<use images/ucabackground-16_9.png>
Package pdftex.def Info: images/ucabackground-16_9.png  used on input line 81.
(pdftex.def)             Requested size: 455.21408pt x 256.04391pt.
 [18

]
File: images/ucabackground-16_9.png Graphic file (type png)
<use images/ucabackground-16_9.png>
Package pdftex.def Info: images/ucabackground-16_9.png  used on input line 81.
(pdftex.def)             Requested size: 455.21408pt x 256.04391pt.
 [19

]
File: images/ucabackground-16_9.png Graphic file (type png)
<use images/ucabackground-16_9.png>
Package pdftex.def Info: images/ucabackground-16_9.png  used on input line 81.
(pdftex.def)             Requested size: 455.21408pt x 256.04391pt.
 [20

]
File: images/ucabackground-16_9.png Graphic file (type png)
<use images/ucabackground-16_9.png>
Package pdftex.def Info: images/ucabackground-16_9.png  used on input line 81.
(pdftex.def)             Requested size: 455.21408pt x 256.04391pt.
 [21

]
File: images/ucabackground-16_9.png Graphic file (type png)
<use images/ucabackground-16_9.png>
Package pdftex.def Info: images/ucabackground-16_9.png  used on input line 81.
(pdftex.def)             Requested size: 455.21408pt x 256.04391pt.
 [22

]
File: images/ucabackground-16_9.png Graphic file (type png)
<use images/ucabackground-16_9.png>
Package pdftex.def Info: images/ucabackground-16_9.png  used on input line 81.
(pdftex.def)             Requested size: 455.21408pt x 256.04391pt.
 [23

]
File: images/ucabackground-16_9.png Graphic file (type png)
<use images/ucabackground-16_9.png>
Package pdftex.def Info: images/ucabackground-16_9.png  used on input line 81.
(pdftex.def)             Requested size: 455.21408pt x 256.04391pt.
 [24

]
File: images/ucabackground-16_9.png Graphic file (type png)
<use images/ucabackground-16_9.png>
Package pdftex.def Info: images/ucabackground-16_9.png  used on input line 81.
(pdftex.def)             Requested size: 455.21408pt x 256.04391pt.
 [25

])
(./02_encapsulation_conda.tex
File: images/conda_logo.pdf Graphic file (type pdf)
<use images/conda_logo.pdf>
Package pdftex.def Info: images/conda_logo.pdf  used on input line 12.
(pdftex.def)             Requested size: 43.52754pt x 9.02039pt.
<images/conda_env_5.pdf, id=816, 207.96294pt x 87.68962pt>
File: images/conda_env_5.pdf Graphic file (type pdf)
<use images/conda_env_5.pdf>
Package pdftex.def Info: images/conda_env_5.pdf  used on input line 12.
(pdftex.def)             Requested size: 130.576pt x 55.0601pt.
<images/conda_env_6.pdf, id=817, 208.25304pt x 203.32059pt>
File: images/conda_env_6.pdf Graphic file (type pdf)
<use images/conda_env_6.pdf>
Package pdftex.def Info: images/conda_env_6.pdf  used on input line 12.
(pdftex.def)             Requested size: 130.576pt x 127.48456pt.
<images/conda_env_7.pdf, id=818, 208.25404pt x 203.32059pt>
File: images/conda_env_7.pdf Graphic file (type pdf)
<use images/conda_env_7.pdf>
Package pdftex.def Info: images/conda_env_7.pdf  used on input line 12.
(pdftex.def)             Requested size: 130.576pt x 127.48456pt.
File: images/ucabackground-16_9.png Graphic file (type png)
<use images/ucabackground-16_9.png>
Package pdftex.def Info: images/ucabackground-16_9.png  used on input line 12.
(pdftex.def)             Requested size: 455.21408pt x 256.04391pt.
 [26

 <./images/conda_env_5.pdf> <./images/conda_env_6.pdf

pdfTeX warning: pdflatex.exe (file ./images/conda_env_6.pdf): PDF inclusion: mu
ltiple pdfs with page group included in a single page
> <./images/conda_env_7.pdf

pdfTeX warning: pdflatex.exe (file ./images/conda_env_7.pdf): PDF inclusion: mu
ltiple pdfs with page group included in a single page
>]
File: images/conda_logo.pdf Graphic file (type pdf)
<use images/conda_logo.pdf>
Package pdftex.def Info: images/conda_logo.pdf  used on input line 12.
(pdftex.def)             Requested size: 43.52754pt x 9.02039pt.
File: images/conda_env_5.pdf Graphic file (type pdf)
<use images/conda_env_5.pdf>
Package pdftex.def Info: images/conda_env_5.pdf  used on input line 12.
(pdftex.def)             Requested size: 130.576pt x 55.0601pt.
File: images/conda_env_6.pdf Graphic file (type pdf)
<use images/conda_env_6.pdf>
Package pdftex.def Info: images/conda_env_6.pdf  used on input line 12.
(pdftex.def)             Requested size: 130.576pt x 127.48456pt.
File: images/conda_env_7.pdf Graphic file (type pdf)
<use images/conda_env_7.pdf>
Package pdftex.def Info: images/conda_env_7.pdf  used on input line 12.
(pdftex.def)             Requested size: 130.576pt x 127.48456pt.
File: images/ucabackground-16_9.png Graphic file (type png)
<use images/ucabackground-16_9.png>
Package pdftex.def Info: images/ucabackground-16_9.png  used on input line 12.
(pdftex.def)             Requested size: 455.21408pt x 256.04391pt.
 [27

]
File: images/conda_logo.pdf Graphic file (type pdf)
<use images/conda_logo.pdf>
Package pdftex.def Info: images/conda_logo.pdf  used on input line 12.
(pdftex.def)             Requested size: 43.52754pt x 9.02039pt.
File: images/conda_env_5.pdf Graphic file (type pdf)
<use images/conda_env_5.pdf>
Package pdftex.def Info: images/conda_env_5.pdf  used on input line 12.
(pdftex.def)             Requested size: 130.576pt x 55.0601pt.
File: images/conda_env_6.pdf Graphic file (type pdf)
<use images/conda_env_6.pdf>
Package pdftex.def Info: images/conda_env_6.pdf  used on input line 12.
(pdftex.def)             Requested size: 130.576pt x 127.48456pt.
File: images/conda_env_7.pdf Graphic file (type pdf)
<use images/conda_env_7.pdf>
Package pdftex.def Info: images/conda_env_7.pdf  used on input line 12.
(pdftex.def)             Requested size: 130.576pt x 127.48456pt.
File: images/ucabackground-16_9.png Graphic file (type png)
<use images/ucabackground-16_9.png>
Package pdftex.def Info: images/ucabackground-16_9.png  used on input line 12.
(pdftex.def)             Requested size: 455.21408pt x 256.04391pt.
 [28

]) (./03_encapsulation_vm.tex
<images/VM_env_1.pdf, id=981, 208.25002pt x 174.4126pt>
File: images/VM_env_1.pdf Graphic file (type pdf)
<use images/VM_env_1.pdf>
Package pdftex.def Info: images/VM_env_1.pdf  used on input line 23.
(pdftex.def)             Requested size: 130.576pt x 109.36687pt.
<images/VM_env_2.pdf, id=982, 208.25404pt x 174.4126pt>
File: images/VM_env_2.pdf Graphic file (type pdf)
<use images/VM_env_2.pdf>
Package pdftex.def Info: images/VM_env_2.pdf  used on input line 23.
(pdftex.def)             Requested size: 130.576pt x 109.35889pt.
<images/virtualbox-main.png, id=983, 643.40375pt x 440.64626pt>
File: images/virtualbox-main.png Graphic file (type png)
<use images/virtualbox-main.png>
Package pdftex.def Info: images/virtualbox-main.png  used on input line 23.
(pdftex.def)             Requested size: 130.576pt x 89.42535pt.
File: images/ucabackground-16_9.png Graphic file (type png)
<use images/ucabackground-16_9.png>
Package pdftex.def Info: images/ucabackground-16_9.png  used on input line 23.
(pdftex.def)             Requested size: 455.21408pt x 256.04391pt.
 [29

 <./images/VM_env_1.pdf> <./images/VM_env_2.pdf

pdfTeX warning: pdflatex.exe (file ./images/VM_env_2.pdf): PDF inclusion: multi
ple pdfs with page group included in a single page
> <./images/virtualbox-main.png>]
File: images/VM_env_1.pdf Graphic file (type pdf)
<use images/VM_env_1.pdf>
Package pdftex.def Info: images/VM_env_1.pdf  used on input line 23.
(pdftex.def)             Requested size: 130.576pt x 109.36687pt.
File: images/VM_env_2.pdf Graphic file (type pdf)
<use images/VM_env_2.pdf>
Package pdftex.def Info: images/VM_env_2.pdf  used on input line 23.
(pdftex.def)             Requested size: 130.576pt x 109.35889pt.
File: images/virtualbox-main.png Graphic file (type png)
<use images/virtualbox-main.png>
Package pdftex.def Info: images/virtualbox-main.png  used on input line 23.
(pdftex.def)             Requested size: 130.576pt x 89.42535pt.
File: images/ucabackground-16_9.png Graphic file (type png)
<use images/ucabackground-16_9.png>
Package pdftex.def Info: images/ucabackground-16_9.png  used on input line 23.
(pdftex.def)             Requested size: 455.21408pt x 256.04391pt.
 [30

]
File: images/VM_env_1.pdf Graphic file (type pdf)
<use images/VM_env_1.pdf>
Package pdftex.def Info: images/VM_env_1.pdf  used on input line 23.
(pdftex.def)             Requested size: 130.576pt x 109.36687pt.
File: images/VM_env_2.pdf Graphic file (type pdf)
<use images/VM_env_2.pdf>
Package pdftex.def Info: images/VM_env_2.pdf  used on input line 23.
(pdftex.def)             Requested size: 130.576pt x 109.35889pt.
File: images/virtualbox-main.png Graphic file (type png)
<use images/virtualbox-main.png>
Package pdftex.def Info: images/virtualbox-main.png  used on input line 23.
(pdftex.def)             Requested size: 130.576pt x 89.42535pt.
File: images/ucabackground-16_9.png Graphic file (type png)
<use images/ucabackground-16_9.png>
Package pdftex.def Info: images/ucabackground-16_9.png  used on input line 23.
(pdftex.def)             Requested size: 455.21408pt x 256.04391pt.
 [31

]
File: images/VM_env_1.pdf Graphic file (type pdf)
<use images/VM_env_1.pdf>
Package pdftex.def Info: images/VM_env_1.pdf  used on input line 23.
(pdftex.def)             Requested size: 130.576pt x 109.36687pt.
File: images/VM_env_2.pdf Graphic file (type pdf)
<use images/VM_env_2.pdf>
Package pdftex.def Info: images/VM_env_2.pdf  used on input line 23.
(pdftex.def)             Requested size: 130.576pt x 109.35889pt.
File: images/virtualbox-main.png Graphic file (type png)
<use images/virtualbox-main.png>
Package pdftex.def Info: images/virtualbox-main.png  used on input line 23.
(pdftex.def)             Requested size: 130.576pt x 89.42535pt.
File: images/ucabackground-16_9.png Graphic file (type png)
<use images/ucabackground-16_9.png>
Package pdftex.def Info: images/ucabackground-16_9.png  used on input line 23.
(pdftex.def)             Requested size: 455.21408pt x 256.04391pt.
 [32

]
File: images/VM_env_1.pdf Graphic file (type pdf)
<use images/VM_env_1.pdf>
Package pdftex.def Info: images/VM_env_1.pdf  used on input line 23.
(pdftex.def)             Requested size: 130.576pt x 109.36687pt.
File: images/VM_env_2.pdf Graphic file (type pdf)
<use images/VM_env_2.pdf>
Package pdftex.def Info: images/VM_env_2.pdf  used on input line 23.
(pdftex.def)             Requested size: 130.576pt x 109.35889pt.
File: images/virtualbox-main.png Graphic file (type png)
<use images/virtualbox-main.png>
Package pdftex.def Info: images/virtualbox-main.png  used on input line 23.
(pdftex.def)             Requested size: 130.576pt x 89.42535pt.
File: images/ucabackground-16_9.png Graphic file (type png)
<use images/ucabackground-16_9.png>
Package pdftex.def Info: images/ucabackground-16_9.png  used on input line 23.
(pdftex.def)             Requested size: 455.21408pt x 256.04391pt.
 [33

]
File: images/VM_env_1.pdf Graphic file (type pdf)
<use images/VM_env_1.pdf>
Package pdftex.def Info: images/VM_env_1.pdf  used on input line 23.
(pdftex.def)             Requested size: 130.576pt x 109.36687pt.
File: images/VM_env_2.pdf Graphic file (type pdf)
<use images/VM_env_2.pdf>
Package pdftex.def Info: images/VM_env_2.pdf  used on input line 23.
(pdftex.def)             Requested size: 130.576pt x 109.35889pt.
File: images/virtualbox-main.png Graphic file (type png)
<use images/virtualbox-main.png>
Package pdftex.def Info: images/virtualbox-main.png  used on input line 23.
(pdftex.def)             Requested size: 130.576pt x 89.42535pt.
File: images/ucabackground-16_9.png Graphic file (type png)
<use images/ucabackground-16_9.png>
Package pdftex.def Info: images/ucabackground-16_9.png  used on input line 23.
(pdftex.def)             Requested size: 455.21408pt x 256.04391pt.
 [34

]
File: images/VM_env_1.pdf Graphic file (type pdf)
<use images/VM_env_1.pdf>
Package pdftex.def Info: images/VM_env_1.pdf  used on input line 23.
(pdftex.def)             Requested size: 130.576pt x 109.36687pt.
File: images/VM_env_2.pdf Graphic file (type pdf)
<use images/VM_env_2.pdf>
Package pdftex.def Info: images/VM_env_2.pdf  used on input line 23.
(pdftex.def)             Requested size: 130.576pt x 109.35889pt.
File: images/virtualbox-main.png Graphic file (type png)
<use images/virtualbox-main.png>
Package pdftex.def Info: images/virtualbox-main.png  used on input line 23.
(pdftex.def)             Requested size: 130.576pt x 89.42535pt.
File: images/ucabackground-16_9.png Graphic file (type png)
<use images/ucabackground-16_9.png>
Package pdftex.def Info: images/ucabackground-16_9.png  used on input line 23.
(pdftex.def)             Requested size: 455.21408pt x 256.04391pt.
 [35

])
(./04_encapsulation_container.tex
<images/docker_logo2.png, id=1145, 2569.6pt x 611.28375pt>
File: images/docker_logo2.png Graphic file (type png)
<use images/docker_logo2.png>
Package pdftex.def Info: images/docker_logo2.png  used on input line 35.
(pdftex.def)             Requested size: 43.52423pt x 10.35344pt.
<images/docker_env_1.pdf, id=1146, 207.96394pt x 58.7816pt>
File: images/docker_env_1.pdf Graphic file (type pdf)
<use images/docker_env_1.pdf>
Package pdftex.def Info: images/docker_env_1.pdf  used on input line 35.
(pdftex.def)             Requested size: 43.52754pt x 12.30324pt.
<images/docker_env_2.pdf, id=1147, 208.25404pt x 174.4126pt>
File: images/docker_env_2.pdf Graphic file (type pdf)
<use images/docker_env_2.pdf>
Package pdftex.def Info: images/docker_env_2.pdf  used on input line 35.
(pdftex.def)             Requested size: 43.52754pt x 36.45473pt.
File: images/singularity_logo.pdf Graphic file (type pdf)
<use images/singularity_logo.pdf>
Package pdftex.def Info: images/singularity_logo.pdf  used on input line 35.
(pdftex.def)             Requested size: 43.52754pt x 43.52415pt.
<images/docker_hub.png, id=1148, 1835.85875pt x 831.105pt>
File: images/docker_hub.png Graphic file (type png)
<use images/docker_hub.png>
Package pdftex.def Info: images/docker_hub.png  used on input line 35.
(pdftex.def)             Requested size: 43.52754pt x 19.69455pt.
<images/singularity_hub.png, id=1149, 1836.8625pt x 808.01875pt>
File: images/singularity_hub.png Graphic file (type png)
<use images/singularity_hub.png>
Package pdftex.def Info: images/singularity_hub.png  used on input line 35.
(pdftex.def)             Requested size: 43.52754pt x 19.13516pt.
<images/docker_retention.png, id=1150, 931.48pt x 827.09pt>
File: images/docker_retention.png Graphic file (type png)
<use images/docker_retention.png>
Package pdftex.def Info: images/docker_retention.png  used on input line 35.
(pdftex.def)             Requested size: 43.52754pt x 38.64354pt.
LaTeX Font Info:    External font `lmex10' loaded for size
(Font)              <8> on input line 35.
LaTeX Font Info:    External font `lmex10' loaded for size
(Font)              <6> on input line 35.
LaTeX Font Info:    Font shape `T1/lmss/m/it' in size <8> not available
(Font)              Font shape `T1/lmss/m/sl' tried instead on input line 35.
LaTeX Font Info:    Font shape `T1/lmss/m/it' in size <6> not available
(Font)              Font shape `T1/lmss/m/sl' tried instead on input line 35.
File: images/ucabackground-16_9.png Graphic file (type png)
<use images/ucabackground-16_9.png>
Package pdftex.def Info: images/ucabackground-16_9.png  used on input line 35.
(pdftex.def)             Requested size: 455.21408pt x 256.04391pt.
 [36

 <./images/docker_logo2.png> <./images/docker_env_1.pdf> <./images/docker_env_2
.pdf

pdfTeX warning: pdflatex.exe (file ./images/docker_env_2.pdf): PDF inclusion: m
ultiple pdfs with page group included in a single page
> <./images/docker_hub.png> <./images/singularity_hub.png> <./images/docker_ret
ention.png>]) (./05_encapsulation_conda_system.tex

pdfTeX warning: pdflatex.exe (file ./images/conda_sheet_4.12.pdf): PDF inclusio
n: found PDF version <1.7>, but at most version <1.5> allowed
<images/conda_sheet_4.12.pdf, id=1236, 361.35pt x 505.89pt>
File: images/conda_sheet_4.12.pdf Graphic file (type pdf)
<use images/conda_sheet_4.12.pdf>
Package pdftex.def Info: images/conda_sheet_4.12.pdf  used on input line 27.
(pdftex.def)             Requested size: 43.52754pt x 60.93575pt.
File: images/conda_logo.pdf Graphic file (type pdf)
<use images/conda_logo.pdf>
Package pdftex.def Info: images/conda_logo.pdf  used on input line 27.
(pdftex.def)             Requested size: 43.52754pt x 9.02039pt.
File: images/ucabackground-16_9.png Graphic file (type png)
<use images/ucabackground-16_9.png>
Package pdftex.def Info: images/ucabackground-16_9.png  used on input line 27.
(pdftex.def)             Requested size: 455.21408pt x 256.04391pt.
[37

 <./images/conda_sheet_4.12.pdf>]
<images/conda_env_detail.pdf, id=1329, 918.43124pt x 750.805pt>
File: images/conda_env_detail.pdf Graphic file (type pdf)
<use images/conda_env_detail.pdf>
Package pdftex.def Info: images/conda_env_detail.pdf  used on input line 38.
(pdftex.def)             Requested size: 43.52754pt x 35.57195pt.
File: images/ucabackground-16_9.png Graphic file (type png)
<use images/ucabackground-16_9.png>
Package pdftex.def Info: images/ucabackground-16_9.png  used on input line 38.
(pdftex.def)             Requested size: 455.21408pt x 256.04391pt.
 [38

 <./images/conda_env_detail.pdf>]
File: images/ucabackground-16_9.png Graphic file (type png)
<use images/ucabackground-16_9.png>
Package pdftex.def Info: images/ucabackground-16_9.png  used on input line 45.
(pdftex.def)             Requested size: 455.21408pt x 256.04391pt.

[39

]
<images/reproductibility.jpg, id=1428, 415.69704pt x 222.5916pt>
File: images/reproductibility.jpg Graphic file (type jpg)
<use images/reproductibility.jpg>
Package pdftex.def Info: images/reproductibility.jpg  used on input line 51.
(pdftex.def)             Requested size: 43.52754pt x 23.30656pt.
File: images/ucabackground-16_9.png Graphic file (type png)
<use images/ucabackground-16_9.png>
Package pdftex.def Info: images/ucabackground-16_9.png  used on input line 51.
(pdftex.def)             Requested size: 455.21408pt x 256.04391pt.
 [40

 <./images/reproductibility.jpg>])
(./06_encapsulation_container_singularity.tex)
File: images/ucabackground-16_9.png Graphic file (type png)
<use images/ucabackground-16_9.png>
Package pdftex.def Info: images/ucabackground-16_9.png  used on input line 34.
(pdftex.def)             Requested size: 455.21408pt x 256.04391pt.
 [41

]
\tf@nav=\write6
\openout6 = `introduction_encapsulation.nav'.

\tf@toc=\write7
\openout7 = `introduction_encapsulation.toc'.

\tf@snm=\write8
\openout8 = `introduction_encapsulation.snm'.


(./introduction_encapsulation.aux)
Package rerunfilecheck Info: File `introduction_encapsulation.out' has not chan
ged.
(rerunfilecheck)             Checksum: F6589D8A6E88FADAE565CEF75C6417E7;1959.
 ) 
Here is how much of TeX's memory you used:
 27159 strings out of 478278
 528812 string characters out of 5850546
 809466 words of memory out of 5000000
 44625 multiletter control sequences out of 15000+600000
 527456 words of font info for 76 fonts, out of 8000000 for 9000
 1141 hyphenation exceptions out of 8191
 128i,15n,122p,430b,672s stack positions out of 5000i,500n,10000p,200000b,80000s
pdfTeX warning (dest): name{https://docs.conda.io/projects/conda/en/latest/in
dex.html} has been referenced but does not exist, replaced by a fixed one

pdfTeX warning (dest): name{https://docs.conda.io/en/latest/miniconda.html} has
 been referenced but does not exist, replaced by a fixed one

pdfTeX warning (dest): name{https://www.anaconda.com/} has been referenced but 
does not exist, replaced by a fixed one

{c:/texlive/2021/texmf-dist/fonts/enc/dvips/lm/lm-ec.enc}<c:/texlive/2021/texmf
-dist/fonts/type1/public/lm/lmss10.pfb><c:/texlive/2021/texmf-dist/fonts/type1/
public/lm/lmss12.pfb><c:/texlive/2021/texmf-dist/fonts/type1/public/lm/lmss8.pf
b><c:/texlive/2021/texmf-dist/fonts/type1/public/lm/lmss9.pfb><c:/texlive/2021/
texmf-dist/fonts/type1/public/lm/lmsso10.pfb><c:/texlive/2021/texmf-dist/fonts/
type1/public/lm/lmsso8.pfb><c:/texlive/2021/texmf-dist/fonts/type1/public/lm/lm
tt10.pfb><c:/texlive/2021/texmf-dist/fonts/type1/public/lm/lmtt8.pfb>
Output written on introduction_encapsulation.pdf (41 pages, 2794559 bytes).
PDF statistics:
 1506 PDF objects out of 1728 (max. 8388607)
 1057 compressed objects within 11 object streams
 98 named destinations out of 1000 (max. 500000)
 354 words of extra memory for PDF output out of 10000 (max. 10000000)

